2017-12-04 17:59:53:	Starting Log...
2017-12-04 17:59:53:	logInfo	ID:485420868	First:Qlik Cool Bot	Last:	UserName:WZQlikCoolBot	<Timer for alerts started with 60 seconds>
2017-12-04 17:59:53:	Starting Log...
2017-12-04 17:59:53:	Started and Callback set for Bot 
2017-12-04 18:00:00:	logError	BotOnReceiveError: Telegram.Bot.Args.ReceiveErrorEventArgs
2017-12-04 18:00:36:	logError	BotOnReceiveError: Telegram.Bot.Args.ReceiveErrorEventArgs
2017-12-04 18:23:36:	logError	BotOnReceiveError: Telegram.Bot.Args.ReceiveErrorEventArgs
2017-12-04 18:23:36:	logInfo	ID:485420868	First:Qlik Cool Bot	Last:	UserName:WZQlikCoolBot	<Created a conversation with Google Api.Ai.>
2017-12-04 18:23:41:	logError	BotOnReceiveError: Telegram.Bot.Args.ReceiveErrorEventArgs
2017-12-04 18:23:46:	logError	BotOnReceiveError: Telegram.Bot.Args.ReceiveErrorEventArgs
2017-12-04 18:23:51:	logError	BotOnReceiveError: Telegram.Bot.Args.ReceiveErrorEventArgs
2017-12-04 18:23:56:	logError	BotOnReceiveError: Telegram.Bot.Args.ReceiveErrorEventArgs
2017-12-04 18:24:01:	logError	BotOnReceiveError: Telegram.Bot.Args.ReceiveErrorEventArgs
2017-12-04 18:24:06:	logError	BotOnReceiveError: Telegram.Bot.Args.ReceiveErrorEventArgs
2017-12-04 18:24:11:	logError	BotOnReceiveError: Telegram.Bot.Args.ReceiveErrorEventArgs
2017-12-04 18:24:16:	logError	BotOnReceiveError: Telegram.Bot.Args.ReceiveErrorEventArgs
2017-12-04 18:24:21:	logError	BotOnReceiveError: Telegram.Bot.Args.ReceiveErrorEventArgs
2017-12-04 18:24:26:	logError	BotOnReceiveError: Telegram.Bot.Args.ReceiveErrorEventArgs
2017-12-04 18:24:31:	logError	BotOnReceiveError: Telegram.Bot.Args.ReceiveErrorEventArgs
2017-12-04 18:24:36:	logError	BotOnReceiveError: Telegram.Bot.Args.ReceiveErrorEventArgs
2017-12-04 18:24:41:	logError	BotOnReceiveError: Telegram.Bot.Args.ReceiveErrorEventArgs
2017-12-04 18:24:46:	logError	BotOnReceiveError: Telegram.Bot.Args.ReceiveErrorEventArgs
2017-12-04 18:24:51:	logError	BotOnReceiveError: Telegram.Bot.Args.ReceiveErrorEventArgs
2017-12-04 18:24:56:	logError	BotOnReceiveError: Telegram.Bot.Args.ReceiveErrorEventArgs
2017-12-04 18:25:01:	logError	BotOnReceiveError: Telegram.Bot.Args.ReceiveErrorEventArgs
2017-12-04 18:25:06:	logError	BotOnReceiveError: Telegram.Bot.Args.ReceiveErrorEventArgs
2017-12-04 18:25:11:	logError	BotOnReceiveError: Telegram.Bot.Args.ReceiveErrorEventArgs
2017-12-04 18:25:16:	logError	BotOnReceiveError: Telegram.Bot.Args.ReceiveErrorEventArgs
2017-12-04 18:25:21:	logError	BotOnReceiveError: Telegram.Bot.Args.ReceiveErrorEventArgs
2017-12-04 18:25:26:	logError	BotOnReceiveError: Telegram.Bot.Args.ReceiveErrorEventArgs
2017-12-04 18:25:31:	logError	BotOnReceiveError: Telegram.Bot.Args.ReceiveErrorEventArgs
2017-12-04 18:25:36:	logError	BotOnReceiveError: Telegram.Bot.Args.ReceiveErrorEventArgs
2017-12-04 18:25:41:	logError	BotOnReceiveError: Telegram.Bot.Args.ReceiveErrorEventArgs
2017-12-04 18:25:46:	logError	BotOnReceiveError: Telegram.Bot.Args.ReceiveErrorEventArgs
2017-12-04 18:25:51:	logError	BotOnReceiveError: Telegram.Bot.Args.ReceiveErrorEventArgs
2017-12-04 18:25:56:	logError	BotOnReceiveError: Telegram.Bot.Args.ReceiveErrorEventArgs
2017-12-04 18:26:01:	logError	BotOnReceiveError: Telegram.Bot.Args.ReceiveErrorEventArgs
2017-12-04 18:26:06:	logError	BotOnReceiveError: Telegram.Bot.Args.ReceiveErrorEventArgs
2017-12-04 18:26:11:	logError	BotOnReceiveError: Telegram.Bot.Args.ReceiveErrorEventArgs
2017-12-04 18:26:16:	logError	BotOnReceiveError: Telegram.Bot.Args.ReceiveErrorEventArgs
2017-12-04 18:26:21:	logError	BotOnReceiveError: Telegram.Bot.Args.ReceiveErrorEventArgs
2017-12-04 18:26:26:	logError	BotOnReceiveError: Telegram.Bot.Args.ReceiveErrorEventArgs
2017-12-04 18:26:31:	logError	BotOnReceiveError: Telegram.Bot.Args.ReceiveErrorEventArgs
2017-12-04 18:26:36:	logError	BotOnReceiveError: Telegram.Bot.Args.ReceiveErrorEventArgs
2017-12-04 18:26:41:	logError	BotOnReceiveError: Telegram.Bot.Args.ReceiveErrorEventArgs
2017-12-04 18:26:46:	logError	BotOnReceiveError: Telegram.Bot.Args.ReceiveErrorEventArgs
2017-12-04 18:26:51:	logError	BotOnReceiveError: Telegram.Bot.Args.ReceiveErrorEventArgs
2017-12-04 18:26:56:	logError	BotOnReceiveError: Telegram.Bot.Args.ReceiveErrorEventArgs
2017-12-04 18:27:01:	logError	BotOnReceiveError: Telegram.Bot.Args.ReceiveErrorEventArgs
2017-12-04 18:27:06:	logError	BotOnReceiveError: Telegram.Bot.Args.ReceiveErrorEventArgs
2017-12-04 18:27:11:	logError	BotOnReceiveError: Telegram.Bot.Args.ReceiveErrorEventArgs
2017-12-04 18:27:16:	logError	BotOnReceiveError: Telegram.Bot.Args.ReceiveErrorEventArgs
2017-12-04 18:27:21:	logError	BotOnReceiveError: Telegram.Bot.Args.ReceiveErrorEventArgs
2017-12-04 18:27:26:	logError	BotOnReceiveError: Telegram.Bot.Args.ReceiveErrorEventArgs
2017-12-04 18:27:32:	logError	BotOnReceiveError: Telegram.Bot.Args.ReceiveErrorEventArgs
2017-12-04 18:27:37:	logError	BotOnReceiveError: Telegram.Bot.Args.ReceiveErrorEventArgs
2017-12-04 18:27:42:	logError	BotOnReceiveError: Telegram.Bot.Args.ReceiveErrorEventArgs
2017-12-04 18:27:47:	logError	BotOnReceiveError: Telegram.Bot.Args.ReceiveErrorEventArgs
2017-12-04 18:27:52:	logError	BotOnReceiveError: Telegram.Bot.Args.ReceiveErrorEventArgs
2017-12-04 18:27:57:	logError	BotOnReceiveError: Telegram.Bot.Args.ReceiveErrorEventArgs
2017-12-04 18:28:02:	logError	BotOnReceiveError: Telegram.Bot.Args.ReceiveErrorEventArgs
2017-12-04 18:28:07:	logError	BotOnReceiveError: Telegram.Bot.Args.ReceiveErrorEventArgs
2017-12-04 18:28:12:	logError	BotOnReceiveError: Telegram.Bot.Args.ReceiveErrorEventArgs
2017-12-04 18:28:17:	logError	BotOnReceiveError: Telegram.Bot.Args.ReceiveErrorEventArgs
2017-12-04 18:28:22:	logError	BotOnReceiveError: Telegram.Bot.Args.ReceiveErrorEventArgs
2017-12-04 18:28:27:	logError	BotOnReceiveError: Telegram.Bot.Args.ReceiveErrorEventArgs
2017-12-04 18:28:32:	logError	BotOnReceiveError: Telegram.Bot.Args.ReceiveErrorEventArgs
2017-12-04 18:28:37:	logError	BotOnReceiveError: Telegram.Bot.Args.ReceiveErrorEventArgs
2017-12-04 18:28:42:	logError	BotOnReceiveError: Telegram.Bot.Args.ReceiveErrorEventArgs
2017-12-04 18:28:47:	logError	BotOnReceiveError: Telegram.Bot.Args.ReceiveErrorEventArgs
2017-12-04 18:28:52:	logError	BotOnReceiveError: Telegram.Bot.Args.ReceiveErrorEventArgs
2017-12-04 18:28:57:	logError	BotOnReceiveError: Telegram.Bot.Args.ReceiveErrorEventArgs
2017-12-04 18:29:02:	logError	BotOnReceiveError: Telegram.Bot.Args.ReceiveErrorEventArgs
2017-12-04 18:29:07:	logError	BotOnReceiveError: Telegram.Bot.Args.ReceiveErrorEventArgs
2017-12-04 18:29:12:	logError	BotOnReceiveError: Telegram.Bot.Args.ReceiveErrorEventArgs
2017-12-04 18:29:17:	logError	BotOnReceiveError: Telegram.Bot.Args.ReceiveErrorEventArgs
2017-12-04 18:29:22:	logError	BotOnReceiveError: Telegram.Bot.Args.ReceiveErrorEventArgs
2017-12-04 18:29:27:	logError	BotOnReceiveError: Telegram.Bot.Args.ReceiveErrorEventArgs
2017-12-04 18:29:32:	logError	BotOnReceiveError: Telegram.Bot.Args.ReceiveErrorEventArgs
2017-12-04 18:29:37:	logError	BotOnReceiveError: Telegram.Bot.Args.ReceiveErrorEventArgs
2017-12-04 18:29:42:	logError	BotOnReceiveError: Telegram.Bot.Args.ReceiveErrorEventArgs
2017-12-04 18:29:47:	logError	BotOnReceiveError: Telegram.Bot.Args.ReceiveErrorEventArgs
2017-12-04 18:29:52:	logError	BotOnReceiveError: Telegram.Bot.Args.ReceiveErrorEventArgs
2017-12-04 18:29:57:	logError	BotOnReceiveError: Telegram.Bot.Args.ReceiveErrorEventArgs
2017-12-04 18:30:02:	logError	BotOnReceiveError: Telegram.Bot.Args.ReceiveErrorEventArgs
2017-12-04 18:30:07:	logError	BotOnReceiveError: Telegram.Bot.Args.ReceiveErrorEventArgs
2017-12-04 18:30:12:	logError	BotOnReceiveError: Telegram.Bot.Args.ReceiveErrorEventArgs
2017-12-04 18:30:17:	logError	BotOnReceiveError: Telegram.Bot.Args.ReceiveErrorEventArgs
2017-12-04 18:30:22:	logError	BotOnReceiveError: Telegram.Bot.Args.ReceiveErrorEventArgs
2017-12-04 18:30:27:	logError	BotOnReceiveError: Telegram.Bot.Args.ReceiveErrorEventArgs
2017-12-04 18:30:32:	logError	BotOnReceiveError: Telegram.Bot.Args.ReceiveErrorEventArgs
2017-12-04 18:30:37:	logError	BotOnReceiveError: Telegram.Bot.Args.ReceiveErrorEventArgs
2017-12-04 18:30:42:	logError	BotOnReceiveError: Telegram.Bot.Args.ReceiveErrorEventArgs
2017-12-04 18:30:47:	logError	BotOnReceiveError: Telegram.Bot.Args.ReceiveErrorEventArgs
2017-12-04 18:30:52:	logError	BotOnReceiveError: Telegram.Bot.Args.ReceiveErrorEventArgs
2017-12-04 18:30:57:	logError	BotOnReceiveError: Telegram.Bot.Args.ReceiveErrorEventArgs
2017-12-04 18:31:02:	logError	BotOnReceiveError: Telegram.Bot.Args.ReceiveErrorEventArgs
2017-12-04 18:31:07:	logError	BotOnReceiveError: Telegram.Bot.Args.ReceiveErrorEventArgs
2017-12-04 18:31:12:	logError	BotOnReceiveError: Telegram.Bot.Args.ReceiveErrorEventArgs
2017-12-04 18:31:17:	logError	BotOnReceiveError: Telegram.Bot.Args.ReceiveErrorEventArgs
2017-12-04 18:31:22:	logError	BotOnReceiveError: Telegram.Bot.Args.ReceiveErrorEventArgs
2017-12-04 18:31:27:	logError	BotOnReceiveError: Telegram.Bot.Args.ReceiveErrorEventArgs
2017-12-04 18:31:32:	logError	BotOnReceiveError: Telegram.Bot.Args.ReceiveErrorEventArgs
