2017-12-01 05:14:12:	Starting Log...
2017-12-01 05:14:12:	logInfo	ID:485420868	First:Qlik Cool Bot	Last:	UserName:WZQlikCoolBot	<Timer for alerts started with 60 seconds>
2017-12-01 05:14:12:	Starting Log...
2017-12-01 05:14:12:	Started and Callback set for Bot 
2017-12-01 05:14:13:	logError	ID:485420868	First:Qlik Cool Bot	Last:	UserName:WZQlikCoolBot	<Error opening the Qlik Sense app : Qlik.Sense.JsonRpc.CommunicationErrorException: Connection failed after 4 attempts. Error message:
  Could not load file or assembly 'Autofac, Version=4.6.2.0, Culture=neutral, PublicKeyToken=17863af14b0044da' or one of its dependencies. The system cannot find the file specified. ---> System.IO.FileNotFoundException: Could not load file or assembly 'Autofac, Version=4.6.2.0, Culture=neutral, PublicKeyToken=17863af14b0044da' or one of its dependencies. The system cannot find the file specified. ---> System.IO.FileNotFoundException: Could not load file or assembly 'Autofac, Version=3.5.0.0, Culture=neutral, PublicKeyToken=17863af14b0044da' or one of its dependencies. The system cannot find the file specified.
   --- End of inner exception stack trace ---
   at Qlik.Sense.JsonRpc.WebSocketFactory.<>c.<GetWebSocketFactory>b__3_0()
   at System.Threading.Tasks.Task`1.InnerInvoke()
   at System.Threading.Tasks.Task.Execute()
--- End of stack trace from previous location where exception was thrown ---
   at System.Runtime.CompilerServices.TaskAwaiter.ThrowForNonSuccess(Task task)
   at System.Runtime.CompilerServices.TaskAwaiter.HandleNonSuccessAndDebuggerNotification(Task task)
   at Qlik.Sense.JsonRpc.Location.GetDefaultSecurityConfiguration()
   at Qlik.Sense.JsonRpc.Location.get_Security()
   at Qlik.Sense.JsonRpc.Location.GetWebSocketSessionContainer(ISession session)
   at Qlik.Sense.JsonRpc.RpcConnection.<OpenAsync>d__43.MoveNext()
--- End of stack trace from previous location where exception was thrown ---
   at System.Runtime.CompilerServices.TaskAwaiter.ThrowForNonSuccess(Task task)
   at System.Runtime.CompilerServices.TaskAwaiter.HandleNonSuccessAndDebuggerNotification(Task task)
   at Qlik.Sense.JsonRpc.RpcConnection.<EnsureConnectionIsOpen>d__54.MoveNext()
--- End of stack trace from previous location where exception was thrown ---
   at System.Runtime.CompilerServices.TaskAwaiter.ThrowForNonSuccess(Task task)
   at System.Runtime.CompilerServices.TaskAwaiter.HandleNonSuccessAndDebuggerNotification(Task task)
   at Qlik.Sense.JsonRpc.RpcConnection.<SendAsync>d__52.MoveNext()
   --- End of inner exception stack trace ---
   at Qlik.Engine.Communication.QlikConnection.AwaitResponseTask[T](T task, String methodName, CancellationToken cancellationToken)
   at Qlik.Engine.Communication.QlikConnection.Ping(Nullable`1 noVersionCheck)
   at Qlik.Engine.LocationExtensions.Hub(ILocation location, ISession session, Nullable`1 noVersionCheck)
   at Qlik.Engine.LocationExtensions.GetAppIdentifiers(ILocation location, Nullable`1 noVersionCheck)
   at Qlik.Engine.LocationExtensions.AppWithIdOrDefault(ILocation location, String appId, Nullable`1 noVersionCheck)
   at QlikSenseEasy.QSApp.QSOpenApp() in C:\Users\baz\documents\visual studio 2015\Projects\QlikBot\QlikSenseEasy\QSEasy.cs:line 353
   at QlikTelegram.Bot..ctor() in C:\Users\baz\Documents\GitHub\Qlik_Sense_Bot\Qlik sense bot refactored(In Progress)\Bot Development\QlikTelegram\Bot.cs:line 162>
2017-12-01 05:14:13:	logInfo	ID:485420868	First:Qlik Cool Bot	Last:	UserName:WZQlikCoolBot	<Created a conversation with Google Api.Ai.>
2017-12-01 05:14:17:	logError	BotOnReceiveError: Telegram.Bot.Args.ReceiveErrorEventArgs
2017-12-01 05:14:22:	logError	BotOnReceiveError: Telegram.Bot.Args.ReceiveErrorEventArgs
2017-12-01 05:14:28:	logInfo	Message Received from 481378768: ji
2017-12-01 05:14:28:	logError	General Error in BotOnMessageReceived: System.Resources.MissingManifestResourceException: Could not find any resources appropriate for the specified culture or the neutral culture.  Make sure "QlikSenseBot.Multilanguage.StringResources.resources" was correctly embedded or linked into assembly "QlikTelegram" at compile time, or that all the satellite assemblies required are loadable and fully signed.
   at System.Resources.ManifestBasedResourceGroveler.HandleResourceStreamMissing(String fileName)
   at System.Resources.ManifestBasedResourceGroveler.GrovelForResourceSet(CultureInfo culture, Dictionary`2 localResourceSets, Boolean tryParents, Boolean createIfNotExists, StackCrawlMark& stackMark)
   at System.Resources.ResourceManager.InternalGetResourceSet(CultureInfo requestedCulture, Boolean createIfNotExists, Boolean tryParents, StackCrawlMark& stackMark)
   at System.Resources.ResourceManager.InternalGetResourceSet(CultureInfo culture, Boolean createIfNotExists, Boolean tryParents)
   at System.Resources.ResourceManager.GetString(String name, CultureInfo culture)
   at QlikTelegram.Multilanguage.StringResources.get_secUserNotAllowed() in C:\Users\baz\Documents\GitHub\Qlik_Sense_Bot\Qlik sense bot refactored(In Progress)\Bot Development\QlikTelegram\Multilanguage\StringResources.Designer.cs:line 1073
   at QlikTelegram.Bot.<BotOnMessageReceived>d__44.MoveNext() in C:\Users\baz\Documents\GitHub\Qlik_Sense_Bot\Qlik sense bot refactored(In Progress)\Bot Development\QlikTelegram\Bot.cs:line 429
2017-12-01 05:14:33:	logError	BotOnReceiveError: Telegram.Bot.Args.ReceiveErrorEventArgs
2017-12-01 05:14:38:	logError	BotOnReceiveError: Telegram.Bot.Args.ReceiveErrorEventArgs
2017-12-01 05:14:43:	logError	BotOnReceiveError: Telegram.Bot.Args.ReceiveErrorEventArgs
2017-12-01 05:14:48:	logError	BotOnReceiveError: Telegram.Bot.Args.ReceiveErrorEventArgs
2017-12-01 05:15:03:	logInfo	Message Received from 481378768: k]
2017-12-01 05:21:02:	logError	General Error in BotOnMessageReceived: System.Resources.MissingManifestResourceException: Could not find any resources appropriate for the specified culture or the neutral culture.  Make sure "QlikSenseBot.Multilanguage.StringResources.resources" was correctly embedded or linked into assembly "QlikTelegram" at compile time, or that all the satellite assemblies required are loadable and fully signed.
   at System.Resources.ManifestBasedResourceGroveler.HandleResourceStreamMissing(String fileName)
   at System.Resources.ManifestBasedResourceGroveler.GrovelForResourceSet(CultureInfo culture, Dictionary`2 localResourceSets, Boolean tryParents, Boolean createIfNotExists, StackCrawlMark& stackMark)
   at System.Resources.ResourceManager.InternalGetResourceSet(CultureInfo requestedCulture, Boolean createIfNotExists, Boolean tryParents, StackCrawlMark& stackMark)
   at System.Resources.ResourceManager.InternalGetResourceSet(CultureInfo culture, Boolean createIfNotExists, Boolean tryParents)
   at System.Resources.ResourceManager.GetString(String name, CultureInfo culture)
   at QlikTelegram.Multilanguage.StringResources.get_secUserNotAllowed() in C:\Users\baz\Documents\GitHub\Qlik_Sense_Bot\Qlik sense bot refactored(In Progress)\Bot Development\QlikTelegram\Multilanguage\StringResources.Designer.cs:line 1073
   at QlikTelegram.Bot.<BotOnMessageReceived>d__44.MoveNext() in C:\Users\baz\Documents\GitHub\Qlik_Sense_Bot\Qlik sense bot refactored(In Progress)\Bot Development\QlikTelegram\Bot.cs:line 429
2017-12-01 05:21:07:	logError	BotOnReceiveError: Telegram.Bot.Args.ReceiveErrorEventArgs
2017-12-01 05:21:16:	logInfo	Message Received from 481378768: o
2017-12-01 06:13:30:	logError	General Error in BotOnMessageReceived: System.Resources.MissingManifestResourceException: Could not find any resources appropriate for the specified culture or the neutral culture.  Make sure "QlikSenseBot.Multilanguage.StringResources.resources" was correctly embedded or linked into assembly "QlikTelegram" at compile time, or that all the satellite assemblies required are loadable and fully signed.
   at System.Resources.ManifestBasedResourceGroveler.HandleResourceStreamMissing(String fileName)
   at System.Resources.ManifestBasedResourceGroveler.GrovelForResourceSet(CultureInfo culture, Dictionary`2 localResourceSets, Boolean tryParents, Boolean createIfNotExists, StackCrawlMark& stackMark)
   at System.Resources.ResourceManager.InternalGetResourceSet(CultureInfo requestedCulture, Boolean createIfNotExists, Boolean tryParents, StackCrawlMark& stackMark)
   at System.Resources.ResourceManager.InternalGetResourceSet(CultureInfo culture, Boolean createIfNotExists, Boolean tryParents)
   at System.Resources.ResourceManager.GetString(String name, CultureInfo culture)
   at QlikTelegram.Multilanguage.StringResources.get_secUserNotAllowed()
   at QlikTelegram.Bot.<BotOnMessageReceived>d__44.MoveNext()
