2017-12-01 01:19:14:	Starting Log...
2017-12-01 01:19:14:	logInfo	ID:485420868	First:Qlik Cool Bot	Last:	UserName:WZQlikCoolBot	<Timer for alerts started with 60 seconds>
2017-12-01 01:19:14:	Starting Log...
2017-12-01 01:19:14:	Started and Callback set for Bot WZQlikCoolBot
2017-12-01 01:19:19:	logError	BotOnReceiveError: Telegram.Bot.Args.ReceiveErrorEventArgs
2017-12-01 01:19:49:	logInfo	Message Received from 481378768: hi
2017-12-01 01:20:01:	logInfo	ID:481378768	First:wuzhong	Last:zhu	UserName:	<Could not connect to the Qlik Sense server: http://desktop-e106r7e for user 481378768 (wuzhong zhu)>
2017-12-01 01:21:09:	logError	General Error in BotOnMessageReceived: System.Resources.MissingManifestResourceException: Could not find any resources appropriate for the specified culture or the neutral culture.  Make sure "QlikSenseBot.Multilanguage.StringResources.resources" was correctly embedded or linked into assembly "QlikTelegram" at compile time, or that all the satellite assemblies required are loadable and fully signed.
   at System.Resources.ManifestBasedResourceGroveler.HandleResourceStreamMissing(String fileName)
   at System.Resources.ManifestBasedResourceGroveler.GrovelForResourceSet(CultureInfo culture, Dictionary`2 localResourceSets, Boolean tryParents, Boolean createIfNotExists, StackCrawlMark& stackMark)
   at System.Resources.ResourceManager.InternalGetResourceSet(CultureInfo requestedCulture, Boolean createIfNotExists, Boolean tryParents, StackCrawlMark& stackMark)
   at System.Resources.ResourceManager.InternalGetResourceSet(CultureInfo culture, Boolean createIfNotExists, Boolean tryParents)
   at System.Resources.ResourceManager.GetString(String name, CultureInfo culture)
   at QlikTelegram.Multilanguage.StringResources.get_ThankYou() in C:\Users\baz\Documents\GitHub\Qlik_Sense_Bot\Qlik sense bot refactored(In Progress)\Bot Development\QlikTelegram\Multilanguage\StringResources.Designer.cs:line 1117
   at QlikTelegram.Bot.<BotOnMessageReceived>d__44.MoveNext() in C:\Users\baz\Documents\GitHub\Qlik_Sense_Bot\Qlik sense bot refactored(In Progress)\Bot Development\QlikTelegram\Bot.cs:line 652
2017-12-01 01:21:14:	logError	BotOnReceiveError: Telegram.Bot.Args.ReceiveErrorEventArgs
2017-12-01 01:21:19:	logError	BotOnReceiveError: Telegram.Bot.Args.ReceiveErrorEventArgs
2017-12-01 01:21:24:	logError	BotOnReceiveError: Telegram.Bot.Args.ReceiveErrorEventArgs
2017-12-01 01:21:31:	logInfo	Message Received from 481378768: send me the users
2017-12-01 01:21:32:	logError	Failed send user list to administrator. System.IO.DirectoryNotFoundException: Could not find a part of the path 'D:\Traspaso Qlik\Bot Qlik\Users\QlikUsers.csv'.
   at System.IO.__Error.WinIOError(Int32 errorCode, String maybeFullPath)
   at System.IO.FileStream.Init(String path, FileMode mode, FileAccess access, Int32 rights, Boolean useRights, FileShare share, Int32 bufferSize, FileOptions options, SECURITY_ATTRIBUTES secAttrs, String msgPath, Boolean bFromProxy, Boolean useLongPath, Boolean checkHost)
   at System.IO.FileStream..ctor(String path, FileMode mode, FileAccess access, FileShare share)
   at QlikTelegram.Bot.<BotSendUsersToAdmin>d__57.MoveNext() in C:\Users\baz\Documents\GitHub\Qlik_Sense_Bot\Qlik sense bot refactored(In Progress)\Bot Development\QlikTelegram\Bot.cs:line 1030 Exception caught.
2017-12-01 01:21:37:	logError	BotOnReceiveError: Telegram.Bot.Args.ReceiveErrorEventArgs
2017-12-01 01:21:42:	logError	BotOnReceiveError: Telegram.Bot.Args.ReceiveErrorEventArgs
2017-12-01 01:21:47:	logError	BotOnReceiveError: Telegram.Bot.Args.ReceiveErrorEventArgs
2017-12-01 01:21:52:	logError	BotOnReceiveError: Telegram.Bot.Args.ReceiveErrorEventArgs
2017-12-01 01:22:24:	logInfo	Message Received from 481378768: send me the users
2017-12-01 01:22:36:	logError	Failed send user list to administrator. System.IO.DirectoryNotFoundException: Could not find a part of the path 'D:\Traspaso Qlik\Bot Qlik\Users\QlikUsers.csv'.
   at System.IO.__Error.WinIOError(Int32 errorCode, String maybeFullPath)
   at System.IO.FileStream.Init(String path, FileMode mode, FileAccess access, Int32 rights, Boolean useRights, FileShare share, Int32 bufferSize, FileOptions options, SECURITY_ATTRIBUTES secAttrs, String msgPath, Boolean bFromProxy, Boolean useLongPath, Boolean checkHost)
   at System.IO.FileStream..ctor(String path, FileMode mode, FileAccess access, FileShare share)
   at QlikTelegram.Bot.<BotSendUsersToAdmin>d__57.MoveNext() in C:\Users\baz\Documents\GitHub\Qlik_Sense_Bot\Qlik sense bot refactored(In Progress)\Bot Development\QlikTelegram\Bot.cs:line 1030 Exception caught.
2017-12-01 01:23:21:	logError	BotOnReceiveError: Telegram.Bot.Args.ReceiveErrorEventArgs
2017-12-01 01:23:26:	logError	BotOnReceiveError: Telegram.Bot.Args.ReceiveErrorEventArgs
2017-12-01 01:23:31:	logError	BotOnReceiveError: Telegram.Bot.Args.ReceiveErrorEventArgs
2017-12-01 01:23:38:	logInfo	Message Received from 481378768: hello
2017-12-01 01:24:09:	logError	General Error in BotOnMessageReceived: System.Resources.MissingManifestResourceException: Could not find any resources appropriate for the specified culture or the neutral culture.  Make sure "QlikSenseBot.Multilanguage.StringResources.resources" was correctly embedded or linked into assembly "QlikTelegram" at compile time, or that all the satellite assemblies required are loadable and fully signed.
   at System.Resources.ManifestBasedResourceGroveler.HandleResourceStreamMissing(String fileName)
   at System.Resources.ManifestBasedResourceGroveler.GrovelForResourceSet(CultureInfo culture, Dictionary`2 localResourceSets, Boolean tryParents, Boolean createIfNotExists, StackCrawlMark& stackMark)
   at System.Resources.ResourceManager.InternalGetResourceSet(CultureInfo requestedCulture, Boolean createIfNotExists, Boolean tryParents, StackCrawlMark& stackMark)
   at System.Resources.ResourceManager.InternalGetResourceSet(CultureInfo culture, Boolean createIfNotExists, Boolean tryParents)
   at System.Resources.ResourceManager.GetString(String name, CultureInfo culture)
   at QlikTelegram.Multilanguage.StringResources.get_ThankYou() in C:\Users\baz\Documents\GitHub\Qlik_Sense_Bot\Qlik sense bot refactored(In Progress)\Bot Development\QlikTelegram\Multilanguage\StringResources.Designer.cs:line 1117
   at QlikTelegram.Bot.<BotOnMessageReceived>d__44.MoveNext() in C:\Users\baz\Documents\GitHub\Qlik_Sense_Bot\Qlik sense bot refactored(In Progress)\Bot Development\QlikTelegram\Bot.cs:line 652
2017-12-01 01:24:14:	logError	BotOnReceiveError: Telegram.Bot.Args.ReceiveErrorEventArgs
2017-12-01 01:24:19:	logError	BotOnReceiveError: Telegram.Bot.Args.ReceiveErrorEventArgs
2017-12-01 01:24:24:	logError	BotOnReceiveError: Telegram.Bot.Args.ReceiveErrorEventArgs
2017-12-01 01:24:29:	logError	BotOnReceiveError: Telegram.Bot.Args.ReceiveErrorEventArgs
2017-12-01 01:24:34:	logInfo	Message Received from 481378768: hi
2017-12-01 01:24:38:	logError	General Error in BotOnMessageReceived: System.Resources.MissingManifestResourceException: Could not find any resources appropriate for the specified culture or the neutral culture.  Make sure "QlikSenseBot.Multilanguage.StringResources.resources" was correctly embedded or linked into assembly "QlikTelegram" at compile time, or that all the satellite assemblies required are loadable and fully signed.
   at System.Resources.ManifestBasedResourceGroveler.HandleResourceStreamMissing(String fileName)
   at System.Resources.ManifestBasedResourceGroveler.GrovelForResourceSet(CultureInfo culture, Dictionary`2 localResourceSets, Boolean tryParents, Boolean createIfNotExists, StackCrawlMark& stackMark)
   at System.Resources.ResourceManager.InternalGetResourceSet(CultureInfo requestedCulture, Boolean createIfNotExists, Boolean tryParents, StackCrawlMark& stackMark)
   at System.Resources.ResourceManager.InternalGetResourceSet(CultureInfo culture, Boolean createIfNotExists, Boolean tryParents)
   at System.Resources.ResourceManager.GetString(String name, CultureInfo culture)
   at QlikTelegram.Multilanguage.StringResources.get_ThankYou() in C:\Users\baz\Documents\GitHub\Qlik_Sense_Bot\Qlik sense bot refactored(In Progress)\Bot Development\QlikTelegram\Multilanguage\StringResources.Designer.cs:line 1117
   at QlikTelegram.Bot.<BotOnMessageReceived>d__44.MoveNext() in C:\Users\baz\Documents\GitHub\Qlik_Sense_Bot\Qlik sense bot refactored(In Progress)\Bot Development\QlikTelegram\Bot.cs:line 652
2017-12-01 01:24:43:	logError	BotOnReceiveError: Telegram.Bot.Args.ReceiveErrorEventArgs
2017-12-01 01:24:48:	logError	BotOnReceiveError: Telegram.Bot.Args.ReceiveErrorEventArgs
2017-12-01 01:24:53:	logError	BotOnReceiveError: Telegram.Bot.Args.ReceiveErrorEventArgs
2017-12-01 01:25:03:	logInfo	Message Received from 481378768: hi
2017-12-01 01:25:34:	logError	General Error in BotOnMessageReceived: System.Resources.MissingManifestResourceException: Could not find any resources appropriate for the specified culture or the neutral culture.  Make sure "QlikSenseBot.Multilanguage.StringResources.resources" was correctly embedded or linked into assembly "QlikTelegram" at compile time, or that all the satellite assemblies required are loadable and fully signed.
   at System.Resources.ManifestBasedResourceGroveler.HandleResourceStreamMissing(String fileName)
   at System.Resources.ManifestBasedResourceGroveler.GrovelForResourceSet(CultureInfo culture, Dictionary`2 localResourceSets, Boolean tryParents, Boolean createIfNotExists, StackCrawlMark& stackMark)
   at System.Resources.ResourceManager.InternalGetResourceSet(CultureInfo requestedCulture, Boolean createIfNotExists, Boolean tryParents, StackCrawlMark& stackMark)
   at System.Resources.ResourceManager.InternalGetResourceSet(CultureInfo culture, Boolean createIfNotExists, Boolean tryParents)
   at System.Resources.ResourceManager.GetString(String name, CultureInfo culture)
   at QlikTelegram.Multilanguage.StringResources.get_ThankYou() in C:\Users\baz\Documents\GitHub\Qlik_Sense_Bot\Qlik sense bot refactored(In Progress)\Bot Development\QlikTelegram\Multilanguage\StringResources.Designer.cs:line 1117
   at QlikTelegram.Bot.<BotOnMessageReceived>d__44.MoveNext() in C:\Users\baz\Documents\GitHub\Qlik_Sense_Bot\Qlik sense bot refactored(In Progress)\Bot Development\QlikTelegram\Bot.cs:line 652
2017-12-01 01:25:39:	logError	BotOnReceiveError: Telegram.Bot.Args.ReceiveErrorEventArgs
2017-12-01 01:25:45:	logError	BotOnReceiveError: Telegram.Bot.Args.ReceiveErrorEventArgs
2017-12-01 01:25:47:	logInfo	Message Received from 481378768: ok
