2017-12-11 01:03:22:	Starting Log...
2017-12-11 01:03:22:	logInfo	ID:500374305	First:QlikBotNet	Last:	UserName:QlikNetBot	<Timer for alerts started with 60 seconds>
2017-12-11 01:03:22:	Starting Log...
2017-12-11 01:03:22:	Started and Callback set for Bot 
2017-12-11 01:03:27:	logInfo	ID:500374305	First:QlikBotNet	Last:	UserName:QlikNetBot	<Opened the Qlik Sense app: Consumer Goods Sales Bot>
2017-12-11 01:03:27:	logInfo	ID:500374305	First:QlikBotNet	Last:	UserName:QlikNetBot	<Created a conversation with Google Api.Ai.>
2017-12-11 01:03:27:	logError	BotOnReceiveError: Telegram.Bot.Args.ReceiveErrorEventArgs
2017-12-11 01:03:32:	logError	BotOnReceiveError: Telegram.Bot.Args.ReceiveErrorEventArgs
2017-12-11 01:03:32:	logInfo	Message Received from 382410116: Change app
2017-12-11 01:03:33:	logInfo	ID:382410116	First:Todd	Last:Margolis	UserName:ToddMargolis	<Could not open the Qlik Sense app: Consumer Goods Sales Bot for user 382410116 (Todd Margolis)>
2017-12-11 01:03:34:	logInfo	Sent text message <Choose an application> to ChatID 382410116
2017-12-11 01:03:43:	logError	BotOnReceiveError: Telegram.Bot.Args.ReceiveErrorEventArgs
2017-12-11 01:03:48:	logError	BotOnReceiveError: Telegram.Bot.Args.ReceiveErrorEventArgs
2017-12-11 01:03:53:	logError	BotOnReceiveError: Telegram.Bot.Args.ReceiveErrorEventArgs
2017-12-11 01:03:58:	logError	BotOnReceiveError: Telegram.Bot.Args.ReceiveErrorEventArgs
2017-12-11 01:04:03:	logError	BotOnReceiveError: Telegram.Bot.Args.ReceiveErrorEventArgs
2017-12-11 01:04:08:	logError	BotOnReceiveError: Telegram.Bot.Args.ReceiveErrorEventArgs
2017-12-11 01:04:13:	logError	BotOnReceiveError: Telegram.Bot.Args.ReceiveErrorEventArgs
2017-12-11 01:04:18:	logError	BotOnReceiveError: Telegram.Bot.Args.ReceiveErrorEventArgs
2017-12-11 01:04:23:	logError	BotOnReceiveError: Telegram.Bot.Args.ReceiveErrorEventArgs
2017-12-11 01:04:28:	logError	BotOnReceiveError: Telegram.Bot.Args.ReceiveErrorEventArgs
2017-12-11 01:04:33:	logError	BotOnReceiveError: Telegram.Bot.Args.ReceiveErrorEventArgs
2017-12-11 01:04:38:	logError	BotOnReceiveError: Telegram.Bot.Args.ReceiveErrorEventArgs
2017-12-11 01:04:43:	logError	BotOnReceiveError: Telegram.Bot.Args.ReceiveErrorEventArgs
2017-12-11 01:04:48:	logError	BotOnReceiveError: Telegram.Bot.Args.ReceiveErrorEventArgs
2017-12-11 01:04:48:	logInfo	Message Received from 382410116: Dimensions
2017-12-11 01:04:50:	logInfo	Sent text message <Choose a dimension> to ChatID 382410116
2017-12-11 01:04:54:	logError	BotOnReceiveError: Telegram.Bot.Args.ReceiveErrorEventArgs
2017-12-11 01:04:59:	logError	BotOnReceiveError: Telegram.Bot.Args.ReceiveErrorEventArgs
2017-12-11 01:05:04:	logError	BotOnReceiveError: Telegram.Bot.Args.ReceiveErrorEventArgs
2017-12-11 01:05:05:	logInfo	Message Received from 382410116: Help
2017-12-11 01:05:06:	logInfo	Sent text message <Qlik Bot Net is an example chat bot which provides quick and easy access to Qlik content.
Usage:
   Inline mode, write: @QlikSenseBot [search data]

Or try asking for the information directly, I'll try to understand you. Some examples:
   Show my KPIs.
   I want to know avg sales.
   Could you show me revenue by product?
   Show my reports.
   Who are my best customers?


Qlik Sense App: Consumer Goods Sales Bot

QlikSenseBot by Juan Gerardo(jcz) @ Qlik> to ChatID 382410116
2017-12-11 01:05:10:	logError	BotOnReceiveError: Telegram.Bot.Args.ReceiveErrorEventArgs
2017-12-11 01:05:15:	logError	BotOnReceiveError: Telegram.Bot.Args.ReceiveErrorEventArgs
2017-12-11 01:05:20:	logError	BotOnReceiveError: Telegram.Bot.Args.ReceiveErrorEventArgs
2017-12-11 01:05:25:	logError	BotOnReceiveError: Telegram.Bot.Args.ReceiveErrorEventArgs
2017-12-11 01:05:30:	logError	BotOnReceiveError: Telegram.Bot.Args.ReceiveErrorEventArgs
2017-12-11 01:05:35:	logError	BotOnReceiveError: Telegram.Bot.Args.ReceiveErrorEventArgs
2017-12-11 01:05:36:	logInfo	Message Received from 382410116: Dimension
2017-12-11 01:05:36:	logInfo	Sent text message <Choose a dimension> to ChatID 382410116
2017-12-11 01:05:40:	logInfo	Message Received from 382410116: Product
2017-12-11 01:05:40:	logInfo	Sent text message <This is the list of Product, up to 10 elements:
Bill's Ebony Prepared Salad
Sue's Imagine Popsicles
Bubba's Moms Sliced Turkey
Katie's Landslide Oregano
Katie's Just Right Fancy Canned Sardines
Marty's Fantastic Wheat Bread
Sal's Imagine Frozen Carrots
Marty's Atomic Spicy Mints
Jimmy's Token Cream Soda
Jennifer's Tell Tale Red Delcious Apples> to ChatID 382410116
2017-12-11 01:05:45:	logError	BotOnReceiveError: Telegram.Bot.Args.ReceiveErrorEventArgs
2017-12-11 01:05:50:	logError	BotOnReceiveError: Telegram.Bot.Args.ReceiveErrorEventArgs
2017-12-11 01:05:51:	logInfo	Message Received from 382410116: Dimensions
2017-12-11 01:05:52:	logInfo	Sent text message <Choose a dimension> to ChatID 382410116
2017-12-11 01:05:57:	logError	BotOnReceiveError: Telegram.Bot.Args.ReceiveErrorEventArgs
2017-12-11 01:05:59:	logInfo	Message Received from 382410116: Manager
2017-12-11 01:05:59:	logInfo	Sent text message <This is the list of Product, up to 10 elements:
Bill's Ebony Prepared Salad
Sue's Imagine Popsicles
Bubba's Moms Sliced Turkey
Katie's Landslide Oregano
Katie's Just Right Fancy Canned Sardines
Marty's Fantastic Wheat Bread
Sal's Imagine Frozen Carrots
Marty's Atomic Spicy Mints
Jimmy's Token Cream Soda
Jennifer's Tell Tale Red Delcious Apples> to ChatID 382410116
2017-12-11 01:06:04:	logError	BotOnReceiveError: Telegram.Bot.Args.ReceiveErrorEventArgs
2017-12-11 01:06:09:	logError	BotOnReceiveError: Telegram.Bot.Args.ReceiveErrorEventArgs
2017-12-11 01:06:14:	logError	BotOnReceiveError: Telegram.Bot.Args.ReceiveErrorEventArgs
2017-12-11 01:06:16:	logInfo	Message Received from 382410116: select Spicy Mints in Product
2017-12-11 01:06:16:	logInfo	Sent text message <Total GP% is 44.0 %. The highest Product is Bubba's Best Choice Dried Dates with GP% of 6.63 The next one is Katie's High Top Fancy Plums with 2.84, that is 57.2 % lower.

I have found a chart that could be useful to analyse this information:
The chart is called "Margin % by Sales Rep"
and you can open it here: <a href="https://qlikbot.qlik.com/public/single?appid=b2d956e3-7938-42ef-9482-88cf938985a1&obj=BotSumary-342575814Pivotchart1&opt=currsel">Margin % by Sales Rep</a>> to ChatID 382410116
2017-12-11 01:06:21:	logError	BotOnReceiveError: Telegram.Bot.Args.ReceiveErrorEventArgs
2017-12-11 01:06:26:	logError	BotOnReceiveError: Telegram.Bot.Args.ReceiveErrorEventArgs
2017-12-11 01:06:31:	logError	BotOnReceiveError: Telegram.Bot.Args.ReceiveErrorEventArgs
2017-12-11 01:06:32:	logInfo	Message Received from 382410116: clear
2017-12-11 01:06:32:	logInfo	Sent text message <OK, all filters removed> to ChatID 382410116
2017-12-11 01:06:37:	logError	BotOnReceiveError: Telegram.Bot.Args.ReceiveErrorEventArgs
2017-12-11 01:06:42:	logError	BotOnReceiveError: Telegram.Bot.Args.ReceiveErrorEventArgs
2017-12-11 01:06:47:	logError	BotOnReceiveError: Telegram.Bot.Args.ReceiveErrorEventArgs
2017-12-11 01:06:52:	logError	BotOnReceiveError: Telegram.Bot.Args.ReceiveErrorEventArgs
2017-12-11 01:06:53:	logInfo	Message Received from 382410116: Show my KPIs
2017-12-11 01:06:54:	logError	General Error in BotOnMessageReceived: System.IndexOutOfRangeException: Index was outside the bounds of the array.
   at QlikTelegram.Bot.<ProcessConversationResponse>d__45.MoveNext() in C:\Users\baz\Documents\GitHub\QlikBotNet\Bot Development\QlikTelegram\Bot.cs:line 791
2017-12-11 01:06:54:	logInfo	Sent text message <I do not understand you, could you try again with other question?> to ChatID 382410116
2017-12-11 01:06:59:	logError	BotOnReceiveError: Telegram.Bot.Args.ReceiveErrorEventArgs
2017-12-11 01:07:04:	logError	BotOnReceiveError: Telegram.Bot.Args.ReceiveErrorEventArgs
2017-12-11 01:07:09:	logError	BotOnReceiveError: Telegram.Bot.Args.ReceiveErrorEventArgs
2017-12-11 01:07:14:	logError	BotOnReceiveError: Telegram.Bot.Args.ReceiveErrorEventArgs
2017-12-11 01:07:19:	logError	BotOnReceiveError: Telegram.Bot.Args.ReceiveErrorEventArgs
2017-12-11 01:07:24:	logError	BotOnReceiveError: Telegram.Bot.Args.ReceiveErrorEventArgs
2017-12-11 01:07:29:	logError	BotOnReceiveError: Telegram.Bot.Args.ReceiveErrorEventArgs
2017-12-11 01:07:34:	logError	BotOnReceiveError: Telegram.Bot.Args.ReceiveErrorEventArgs
2017-12-11 01:07:38:	logInfo	Message Received from 382410116: I want to know the sales
2017-12-11 01:07:38:	logInfo	Sent text message <Current TY Sales value is 46,124,560.70> to ChatID 382410116
2017-12-11 01:07:43:	logError	BotOnReceiveError: Telegram.Bot.Args.ReceiveErrorEventArgs
2017-12-11 01:07:48:	logError	BotOnReceiveError: Telegram.Bot.Args.ReceiveErrorEventArgs
2017-12-11 01:07:53:	logError	BotOnReceiveError: Telegram.Bot.Args.ReceiveErrorEventArgs
2017-12-11 01:07:54:	logInfo	Message Received from 382410116: Could you show me the cost by family?
2017-12-11 01:07:56:	logInfo	Sent text message <Total GP% is 44.0 %. The highest Family is School with GP% of 48.6 % The next one is Distributor with 44.8 %, that is 7.7 % lower.

I have found a chart that could be useful to analyse this information:
The chart is called "Revenue (Prev Sel) by Family"
and you can open it here: <a href="https://qlikbot.qlik.com/public/single?appid=b2d956e3-7938-42ef-9482-88cf938985a1&obj=BotSumary-278949404Linechart1&opt=currsel">Revenue (Prev Sel) by Family</a>> to ChatID 382410116
2017-12-11 01:08:01:	logError	BotOnReceiveError: Telegram.Bot.Args.ReceiveErrorEventArgs
2017-12-11 01:08:06:	logError	BotOnReceiveError: Telegram.Bot.Args.ReceiveErrorEventArgs
2017-12-11 01:08:08:	logInfo	Message Received from 382410116: Help
2017-12-11 01:08:08:	logInfo	Sent text message <Qlik Bot Net is an example chat bot which provides quick and easy access to Qlik content.
Usage:
   Inline mode, write: @QlikSenseBot [search data]

Or try asking for the information directly, I'll try to understand you. Some examples:
   Show my KPIs.
   I want to know avg sales.
   Could you show me revenue by product?
   Show my reports.
   Who are my best customers?


Qlik Sense App: Consumer Goods Sales Bot

QlikSenseBot by Juan Gerardo(jcz) @ Qlik> to ChatID 382410116
2017-12-11 01:08:13:	logError	BotOnReceiveError: Telegram.Bot.Args.ReceiveErrorEventArgs
2017-12-11 01:08:18:	logError	BotOnReceiveError: Telegram.Bot.Args.ReceiveErrorEventArgs
2017-12-11 01:08:23:	logError	BotOnReceiveError: Telegram.Bot.Args.ReceiveErrorEventArgs
2017-12-11 01:08:24:	logInfo	Message Received from 382410116: Could you show me revenue by product?
2017-12-11 01:08:25:	logInfo	Sent text message <Total Revenue is 98,672,667.18. The highest Product is Katie's Red Spade Pimento Loaf with Revenue of 5,295,622.91 The next one is Sue's Landslide White Sugar with 3,761,966.26, that is 29.0 % lower.

I have found a chart that could be useful to analyse this information:
The chart is called "Revenue by Product"
and you can open it here: <a href="https://qlikbot.qlik.com/public/single?appid=b2d956e3-7938-42ef-9482-88cf938985a1&obj=BotSumary-342575814Barchart2&opt=currsel">Revenue by Product</a>> to ChatID 382410116
2017-12-11 01:08:29:	logError	BotOnReceiveError: Telegram.Bot.Args.ReceiveErrorEventArgs
2017-12-11 01:08:34:	logError	BotOnReceiveError: Telegram.Bot.Args.ReceiveErrorEventArgs
2017-12-11 01:08:39:	logError	BotOnReceiveError: Telegram.Bot.Args.ReceiveErrorEventArgs
2017-12-11 01:08:44:	logError	BotOnReceiveError: Telegram.Bot.Args.ReceiveErrorEventArgs
2017-12-11 01:08:49:	logError	BotOnReceiveError: Telegram.Bot.Args.ReceiveErrorEventArgs
2017-12-11 01:08:54:	logError	BotOnReceiveError: Telegram.Bot.Args.ReceiveErrorEventArgs
2017-12-11 01:08:59:	logError	BotOnReceiveError: Telegram.Bot.Args.ReceiveErrorEventArgs
2017-12-11 01:09:04:	logError	BotOnReceiveError: Telegram.Bot.Args.ReceiveErrorEventArgs
2017-12-11 01:09:09:	logError	BotOnReceiveError: Telegram.Bot.Args.ReceiveErrorEventArgs
2017-12-11 01:09:14:	logError	BotOnReceiveError: Telegram.Bot.Args.ReceiveErrorEventArgs
2017-12-11 01:09:19:	logError	BotOnReceiveError: Telegram.Bot.Args.ReceiveErrorEventArgs
2017-12-11 01:09:24:	logError	BotOnReceiveError: Telegram.Bot.Args.ReceiveErrorEventArgs
2017-12-11 01:09:28:	logInfo	Message Received from 382410116: Show my reports
2017-12-11 01:09:29:	logInfo	Sent text message <Choose a report> to ChatID 382410116
2017-12-11 01:09:34:	logError	BotOnReceiveError: Telegram.Bot.Args.ReceiveErrorEventArgs
2017-12-11 01:09:39:	logError	BotOnReceiveError: Telegram.Bot.Args.ReceiveErrorEventArgs
2017-12-11 01:09:44:	logError	BotOnReceiveError: Telegram.Bot.Args.ReceiveErrorEventArgs
2017-12-11 01:09:49:	logError	BotOnReceiveError: Telegram.Bot.Args.ReceiveErrorEventArgs
2017-12-11 01:09:54:	logError	BotOnReceiveError: Telegram.Bot.Args.ReceiveErrorEventArgs
2017-12-11 01:09:55:	logInfo	Message Received from 382410116: I want to know avg sales
2017-12-11 01:09:55:	logInfo	Sent text message <Current Avg Sales value is 751.95> to ChatID 382410116
2017-12-11 01:10:00:	logError	BotOnReceiveError: Telegram.Bot.Args.ReceiveErrorEventArgs
2017-12-11 01:10:05:	logError	BotOnReceiveError: Telegram.Bot.Args.ReceiveErrorEventArgs
2017-12-11 01:10:10:	logError	BotOnReceiveError: Telegram.Bot.Args.ReceiveErrorEventArgs
2017-12-11 01:10:15:	logError	BotOnReceiveError: Telegram.Bot.Args.ReceiveErrorEventArgs
2017-12-11 01:10:20:	logError	BotOnReceiveError: Telegram.Bot.Args.ReceiveErrorEventArgs
2017-12-11 01:10:22:	logInfo	Message Received from 382410116: Who are my best customers?
2017-12-11 01:10:23:	logInfo	Sent text message <The top Customer by Avg Sales are:
######   Renegade info Crew (49,514.34)
###      Paracel (31,493.73)
##       Deak-Perera Group. (26,984.05)
##       Tandy Corporation (26,129.97)
##       WDND (20,681.91)> to ChatID 382410116
2017-12-11 01:10:27:	logError	BotOnReceiveError: Telegram.Bot.Args.ReceiveErrorEventArgs
2017-12-11 01:10:32:	logError	BotOnReceiveError: Telegram.Bot.Args.ReceiveErrorEventArgs
2017-12-11 01:10:37:	logError	BotOnReceiveError: Telegram.Bot.Args.ReceiveErrorEventArgs
2017-12-11 01:10:42:	logError	BotOnReceiveError: Telegram.Bot.Args.ReceiveErrorEventArgs
2017-12-11 01:10:47:	logError	BotOnReceiveError: Telegram.Bot.Args.ReceiveErrorEventArgs
2017-12-11 01:10:52:	logError	BotOnReceiveError: Telegram.Bot.Args.ReceiveErrorEventArgs
2017-12-11 01:10:57:	logError	BotOnReceiveError: Telegram.Bot.Args.ReceiveErrorEventArgs
2017-12-11 01:11:02:	logError	BotOnReceiveError: Telegram.Bot.Args.ReceiveErrorEventArgs
2017-12-11 01:11:07:	logError	BotOnReceiveError: Telegram.Bot.Args.ReceiveErrorEventArgs
2017-12-11 01:11:12:	logError	BotOnReceiveError: Telegram.Bot.Args.ReceiveErrorEventArgs
2017-12-11 01:11:17:	logError	BotOnReceiveError: Telegram.Bot.Args.ReceiveErrorEventArgs
2017-12-11 01:11:22:	logError	BotOnReceiveError: Telegram.Bot.Args.ReceiveErrorEventArgs
2017-12-11 01:11:27:	logError	BotOnReceiveError: Telegram.Bot.Args.ReceiveErrorEventArgs
2017-12-11 01:11:32:	logError	BotOnReceiveError: Telegram.Bot.Args.ReceiveErrorEventArgs
2017-12-11 01:11:37:	logError	BotOnReceiveError: Telegram.Bot.Args.ReceiveErrorEventArgs
2017-12-11 01:11:42:	logError	BotOnReceiveError: Telegram.Bot.Args.ReceiveErrorEventArgs
2017-12-11 01:11:43:	logInfo	Message Received from 382410116: Language
2017-12-11 01:11:43:	logInfo	Sent text message <Language/Idioma> to ChatID 382410116
2017-12-11 01:11:45:	logInfo	Message Received from 382410116: Español
2017-12-11 01:11:45:	logInfo	Sent text message <Cambiado el idioma a Español> to ChatID 382410116
2017-12-11 01:11:50:	logError	BotOnReceiveError: Telegram.Bot.Args.ReceiveErrorEventArgs
2017-12-11 01:11:51:	logInfo	Message Received from 382410116: Language
2017-12-11 01:11:51:	logInfo	Sent text message <Language/Idioma> to ChatID 382410116
2017-12-11 01:11:53:	logInfo	Message Received from 382410116: English
2017-12-11 01:11:54:	logInfo	Sent text message <Language changed to English> to ChatID 382410116
2017-12-11 01:11:58:	logError	BotOnReceiveError: Telegram.Bot.Args.ReceiveErrorEventArgs
2017-12-11 01:12:03:	logError	BotOnReceiveError: Telegram.Bot.Args.ReceiveErrorEventArgs
2017-12-11 01:12:08:	logError	BotOnReceiveError: Telegram.Bot.Args.ReceiveErrorEventArgs
2017-12-11 01:12:13:	logError	BotOnReceiveError: Telegram.Bot.Args.ReceiveErrorEventArgs
2017-12-11 01:12:18:	logError	BotOnReceiveError: Telegram.Bot.Args.ReceiveErrorEventArgs
2017-12-11 01:12:23:	logError	BotOnReceiveError: Telegram.Bot.Args.ReceiveErrorEventArgs
2017-12-11 01:12:28:	logError	BotOnReceiveError: Telegram.Bot.Args.ReceiveErrorEventArgs
2017-12-11 01:12:33:	logError	BotOnReceiveError: Telegram.Bot.Args.ReceiveErrorEventArgs
2017-12-11 01:12:34:	logInfo	Message Received from 382410116: year is 2011
2017-12-11 01:12:35:	logInfo	Sent text message <I have filtered now year to 2011
So, now we are analyzing year is equal to 2011> to ChatID 382410116
2017-12-11 01:12:40:	logError	BotOnReceiveError: Telegram.Bot.Args.ReceiveErrorEventArgs
2017-12-11 01:12:45:	logError	BotOnReceiveError: Telegram.Bot.Args.ReceiveErrorEventArgs
2017-12-11 01:12:48:	logInfo	Message Received from 382410116: avg sales
2017-12-11 01:12:49:	logInfo	Sent text message <I think you want to know Avg Sales when year is equal to 2011.
In that case, the Avg Sales is 751.95> to ChatID 382410116
2017-12-11 01:12:54:	logError	BotOnReceiveError: Telegram.Bot.Args.ReceiveErrorEventArgs
2017-12-11 01:12:54:	logInfo	Message Received from 382410116: clear year
2017-12-11 01:12:55:	logInfo	Sent text message <OK, I have removed the filter by year> to ChatID 382410116
2017-12-11 01:12:58:	logInfo	Message Received from 382410116: avg sales
2017-12-11 01:12:59:	logInfo	Sent text message <Current Avg Sales value is 751.95> to ChatID 382410116
2017-12-11 01:13:04:	logError	BotOnReceiveError: Telegram.Bot.Args.ReceiveErrorEventArgs
2017-12-11 01:13:05:	logInfo	Message Received from 382410116: yea
2017-12-11 01:13:05:	logWarning	Message not managed: yea
2017-12-11 01:13:05:	logInfo	Sent text message <I do not understand you, could you try again with other question?> to ChatID 382410116
2017-12-11 01:13:07:	logInfo	Message Received from 382410116: year
2017-12-11 01:13:07:	logInfo	Sent text message <This is the list of Customer, up to 10 elements:
Hetrick Systems
LiveWire BBS and   Favourite Links
Brinco Ltd.
FIBERWORKS
DCS Laboratory
Telus Corporation
Tally Systems
Earth
Filmotype
DEAC> to ChatID 382410116
2017-12-11 01:13:12:	logError	BotOnReceiveError: Telegram.Bot.Args.ReceiveErrorEventArgs
2017-12-11 01:13:17:	logError	BotOnReceiveError: Telegram.Bot.Args.ReceiveErrorEventArgs
2017-12-11 01:13:22:	logError	BotOnReceiveError: Telegram.Bot.Args.ReceiveErrorEventArgs
2017-12-11 01:13:23:	logInfo	Message Received from 382410116: what years?
2017-12-11 01:13:23:	logError	I think you want to know a kpi value, but I do not understand which one
2017-12-11 01:13:23:	logInfo	Sent text message <I think you want to know a kpi value, but I do not understand which one> to ChatID 382410116
2017-12-11 01:13:28:	logError	BotOnReceiveError: Telegram.Bot.Args.ReceiveErrorEventArgs
2017-12-11 01:13:28:	logInfo	Message Received from 382410116: show me the years
2017-12-11 01:13:29:	logInfo	Sent text message <This is the list of Year, up to 10 elements:
2007
2006> to ChatID 382410116
2017-12-11 01:13:33:	logError	BotOnReceiveError: Telegram.Bot.Args.ReceiveErrorEventArgs
2017-12-11 01:13:36:	logInfo	Message Received from 382410116: year = 2006
2017-12-11 01:13:36:	logError	I think you want to know a kpi value, but I do not understand which one
2017-12-11 01:13:37:	logInfo	Sent text message <I think you want to know a kpi value, but I do not understand which one> to ChatID 382410116
2017-12-11 01:13:41:	logError	BotOnReceiveError: Telegram.Bot.Args.ReceiveErrorEventArgs
2017-12-11 01:13:44:	logInfo	Message Received from 382410116: year is 2006
2017-12-11 01:13:44:	logError	I think you want to know a kpi value, but I do not understand which one
2017-12-11 01:13:44:	logInfo	Sent text message <I think you want to know a kpi value, but I do not understand which one> to ChatID 382410116
2017-12-11 01:13:49:	logError	BotOnReceiveError: Telegram.Bot.Args.ReceiveErrorEventArgs
2017-12-11 01:13:54:	logError	BotOnReceiveError: Telegram.Bot.Args.ReceiveErrorEventArgs
2017-12-11 01:13:57:	logInfo	Message Received from 382410116: avg sales for year 2006
2017-12-11 01:13:58:	logInfo	Sent text message <Current Avg Sales value is 751.95> to ChatID 382410116
2017-12-11 01:14:03:	logError	BotOnReceiveError: Telegram.Bot.Args.ReceiveErrorEventArgs
2017-12-11 01:14:08:	logError	BotOnReceiveError: Telegram.Bot.Args.ReceiveErrorEventArgs
2017-12-11 01:14:12:	logInfo	Message Received from 382410116: what are my avg sales for 2006
2017-12-11 01:14:13:	logInfo	Sent text message <I think you want to know Avg Sales when Shipments is equal to 2006.
In that case, the Avg Sales is 2,036.18> to ChatID 382410116
2017-12-11 01:14:17:	logError	BotOnReceiveError: Telegram.Bot.Args.ReceiveErrorEventArgs
2017-12-11 01:14:22:	logError	BotOnReceiveError: Telegram.Bot.Args.ReceiveErrorEventArgs
2017-12-11 01:14:27:	logInfo	Message Received from 382410116: what are my avg sales for year=2007
2017-12-11 01:14:28:	logInfo	Sent text message <I think you want to know Avg Sales when Shipments is equal to 2006, and year is equal to 2007.
In that case, the Avg Sales is 931.08> to ChatID 382410116
2017-12-11 01:14:33:	logError	BotOnReceiveError: Telegram.Bot.Args.ReceiveErrorEventArgs
2017-12-11 01:14:38:	logError	BotOnReceiveError: Telegram.Bot.Args.ReceiveErrorEventArgs
2017-12-11 01:14:40:	logInfo	Message Received from 382410116: clear shipments
2017-12-11 01:14:41:	logInfo	Sent text message <I think you want to know Late Shipments when Shipments is equal to 2006, and year is equal to 2007.
In that case, the Late Shipments is 836.00> to ChatID 382410116
2017-12-11 01:14:45:	logError	BotOnReceiveError: Telegram.Bot.Args.ReceiveErrorEventArgs
2017-12-11 01:14:47:	logInfo	Message Received from 382410116: Clear Shipments
2017-12-11 01:14:47:	logInfo	Sent text message <I think you want to know Late Shipments when Shipments is equal to 2006, and year is equal to 2007.
In that case, the Late Shipments is 836.00> to ChatID 382410116
2017-12-11 01:14:52:	logInfo	Message Received from 382410116: clear
2017-12-11 01:14:52:	logInfo	Sent text message <OK, all filters removed> to ChatID 382410116
2017-12-11 01:14:57:	logError	BotOnReceiveError: Telegram.Bot.Args.ReceiveErrorEventArgs
2017-12-11 01:15:02:	logError	BotOnReceiveError: Telegram.Bot.Args.ReceiveErrorEventArgs
2017-12-11 01:15:05:	logInfo	Message Received from 382410116: what are my avg sales for year=2007
2017-12-11 01:15:06:	logInfo	Sent text message <I think you want to know Avg Sales when year is equal to 2007.
In that case, the Avg Sales is 931.08> to ChatID 382410116
2017-12-11 01:15:11:	logError	BotOnReceiveError: Telegram.Bot.Args.ReceiveErrorEventArgs
2017-12-11 01:15:13:	logInfo	Message Received from 382410116: avg sales
2017-12-11 01:15:14:	logInfo	Sent text message <I think you want to know Avg Sales when year is equal to 2007.
In that case, the Avg Sales is 931.08> to ChatID 382410116
2017-12-11 01:15:19:	logError	BotOnReceiveError: Telegram.Bot.Args.ReceiveErrorEventArgs
2017-12-11 01:15:21:	logInfo	Message Received from 382410116: clear Year
2017-12-11 01:15:21:	logInfo	Sent text message <OK, I have removed the filter by year> to ChatID 382410116
2017-12-11 01:15:25:	logInfo	Message Received from 382410116: avg sales
2017-12-11 01:15:26:	logInfo	Sent text message <Current Avg Sales value is 751.95> to ChatID 382410116
2017-12-11 01:15:30:	logError	BotOnReceiveError: Telegram.Bot.Args.ReceiveErrorEventArgs
2017-12-11 01:15:35:	logError	BotOnReceiveError: Telegram.Bot.Args.ReceiveErrorEventArgs
2017-12-11 01:15:40:	logError	BotOnReceiveError: Telegram.Bot.Args.ReceiveErrorEventArgs
2017-12-11 01:15:43:	logInfo	Message Received from 382410116: /demo
2017-12-11 01:15:43:	logInfo	Sent text message <Demo mode activated. Only my creator will be able to use me.> to ChatID 382410116
2017-12-11 01:15:48:	logError	BotOnReceiveError: Telegram.Bot.Args.ReceiveErrorEventArgs
2017-12-11 01:15:50:	logInfo	Message Received from 382410116: avg sales
2017-12-11 01:15:51:	logInfo	Sent text message <Current Avg Sales value is 751.95> to ChatID 382410116
2017-12-11 01:15:55:	logInfo	Message Received from 382410116: /demo
2017-12-11 01:15:55:	logInfo	Sent text message <Demo mode deactivated> to ChatID 382410116
2017-12-11 01:16:00:	logError	BotOnReceiveError: Telegram.Bot.Args.ReceiveErrorEventArgs
2017-12-11 01:16:05:	logError	BotOnReceiveError: Telegram.Bot.Args.ReceiveErrorEventArgs
2017-12-11 01:16:10:	logError	BotOnReceiveError: Telegram.Bot.Args.ReceiveErrorEventArgs
2017-12-11 01:16:15:	logError	BotOnReceiveError: Telegram.Bot.Args.ReceiveErrorEventArgs
2017-12-11 01:16:18:	logInfo	Message Received from 382410116: Dimensions
2017-12-11 01:16:19:	logInfo	Sent text message <Choose a dimension> to ChatID 382410116
2017-12-11 01:16:24:	logError	BotOnReceiveError: Telegram.Bot.Args.ReceiveErrorEventArgs
2017-12-11 01:16:29:	logError	BotOnReceiveError: Telegram.Bot.Args.ReceiveErrorEventArgs
2017-12-11 01:16:34:	logError	BotOnReceiveError: Telegram.Bot.Args.ReceiveErrorEventArgs
2017-12-11 01:16:39:	logError	BotOnReceiveError: Telegram.Bot.Args.ReceiveErrorEventArgs
2017-12-11 01:16:44:	logError	BotOnReceiveError: Telegram.Bot.Args.ReceiveErrorEventArgs
2017-12-11 01:16:49:	logError	BotOnReceiveError: Telegram.Bot.Args.ReceiveErrorEventArgs
2017-12-11 01:16:54:	logError	BotOnReceiveError: Telegram.Bot.Args.ReceiveErrorEventArgs
2017-12-11 01:16:59:	logError	BotOnReceiveError: Telegram.Bot.Args.ReceiveErrorEventArgs
2017-12-11 01:17:04:	logError	BotOnReceiveError: Telegram.Bot.Args.ReceiveErrorEventArgs
2017-12-11 01:17:09:	logError	BotOnReceiveError: Telegram.Bot.Args.ReceiveErrorEventArgs
2017-12-11 01:17:14:	logError	BotOnReceiveError: Telegram.Bot.Args.ReceiveErrorEventArgs
2017-12-11 01:17:19:	logError	BotOnReceiveError: Telegram.Bot.Args.ReceiveErrorEventArgs
2017-12-11 01:17:24:	logError	BotOnReceiveError: Telegram.Bot.Args.ReceiveErrorEventArgs
2017-12-11 01:17:29:	logError	BotOnReceiveError: Telegram.Bot.Args.ReceiveErrorEventArgs
2017-12-11 01:17:34:	logError	BotOnReceiveError: Telegram.Bot.Args.ReceiveErrorEventArgs
2017-12-11 01:17:39:	logError	BotOnReceiveError: Telegram.Bot.Args.ReceiveErrorEventArgs
2017-12-11 01:17:44:	logError	BotOnReceiveError: Telegram.Bot.Args.ReceiveErrorEventArgs
2017-12-11 01:17:49:	logError	BotOnReceiveError: Telegram.Bot.Args.ReceiveErrorEventArgs
2017-12-11 01:17:54:	logError	BotOnReceiveError: Telegram.Bot.Args.ReceiveErrorEventArgs
2017-12-11 01:17:59:	logError	BotOnReceiveError: Telegram.Bot.Args.ReceiveErrorEventArgs
2017-12-11 01:18:04:	logError	BotOnReceiveError: Telegram.Bot.Args.ReceiveErrorEventArgs
2017-12-11 01:18:09:	logError	BotOnReceiveError: Telegram.Bot.Args.ReceiveErrorEventArgs
2017-12-11 01:18:14:	logError	BotOnReceiveError: Telegram.Bot.Args.ReceiveErrorEventArgs
2017-12-11 01:18:19:	logError	BotOnReceiveError: Telegram.Bot.Args.ReceiveErrorEventArgs
2017-12-11 01:18:24:	logError	BotOnReceiveError: Telegram.Bot.Args.ReceiveErrorEventArgs
2017-12-11 01:18:29:	logError	BotOnReceiveError: Telegram.Bot.Args.ReceiveErrorEventArgs
2017-12-11 01:18:34:	logError	BotOnReceiveError: Telegram.Bot.Args.ReceiveErrorEventArgs
2017-12-11 01:18:39:	logError	BotOnReceiveError: Telegram.Bot.Args.ReceiveErrorEventArgs
2017-12-11 01:18:44:	logError	BotOnReceiveError: Telegram.Bot.Args.ReceiveErrorEventArgs
2017-12-11 01:18:49:	logError	BotOnReceiveError: Telegram.Bot.Args.ReceiveErrorEventArgs
2017-12-11 01:18:54:	logError	BotOnReceiveError: Telegram.Bot.Args.ReceiveErrorEventArgs
2017-12-11 01:18:59:	logError	BotOnReceiveError: Telegram.Bot.Args.ReceiveErrorEventArgs
2017-12-11 01:19:04:	logError	BotOnReceiveError: Telegram.Bot.Args.ReceiveErrorEventArgs
2017-12-11 01:19:09:	logError	BotOnReceiveError: Telegram.Bot.Args.ReceiveErrorEventArgs
2017-12-11 01:19:14:	logError	BotOnReceiveError: Telegram.Bot.Args.ReceiveErrorEventArgs
2017-12-11 01:19:19:	logError	BotOnReceiveError: Telegram.Bot.Args.ReceiveErrorEventArgs
2017-12-11 01:19:24:	logError	BotOnReceiveError: Telegram.Bot.Args.ReceiveErrorEventArgs
