2017-12-11 00:50:23:	Starting Log...
2017-12-11 00:50:23:	logInfo	ID:500374305	First:QlikBotNet	Last:	UserName:QlikNetBot	<Timer for alerts started with 60 seconds>
2017-12-11 00:50:23:	Starting Log...
2017-12-11 00:50:23:	Started and Callback set for Bot 
2017-12-11 00:50:23:	logInfo	Message Received from 382410116: Hi
2017-12-11 00:50:36:	logInfo	ID:382410116	First:Todd	Last:Margolis	UserName:ToddMargolis	<Could not open the Qlik Sense app: Consumer Goods Sales Bot for user 382410116 (Todd Margolis)>
2017-12-11 00:50:36:	logError	General Error in BotOnMessageReceived: System.NullReferenceException: Object reference not set to an instance of an object.
   at QlikTelegram.Bot.<BotOnMessageReceived>d__44.MoveNext() in C:\Users\baz\Documents\GitHub\QlikBotNet\Bot Development\QlikTelegram\Bot.cs:line 730
2017-12-11 00:50:36:	logInfo	ID:500374305	First:QlikBotNet	Last:	UserName:QlikNetBot	<Created a conversation with Google Api.Ai.>
2017-12-11 00:50:41:	logError	BotOnReceiveError: Telegram.Bot.Args.ReceiveErrorEventArgs
2017-12-11 00:50:46:	logError	BotOnReceiveError: Telegram.Bot.Args.ReceiveErrorEventArgs
2017-12-11 00:50:51:	logError	BotOnReceiveError: Telegram.Bot.Args.ReceiveErrorEventArgs
2017-12-11 00:50:56:	logError	BotOnReceiveError: Telegram.Bot.Args.ReceiveErrorEventArgs
2017-12-11 00:50:58:	logInfo	Message Received from 382410116: Help
2017-12-11 00:51:00:	logInfo	ID:382410116	First:Todd	Last:Margolis	UserName:ToddMargolis	<Could not open the Qlik Sense app: Consumer Goods Sales Bot for user 382410116 (Todd Margolis)>
2017-12-11 00:51:00:	logInfo	Sent text message <Qlik Bot Net is an example chat bot which provides quick and easy access to Qlik content.
Usage:
   Inline mode, write: @QlikSenseBot [search data]

Or try asking for the information directly, I'll try to understand you. Some examples:
   Show my KPIs.
   I want to know avg sales.
   Could you show me revenue by product?
   Show my reports.
   Who are my best customers?


Qlik Sense App: Consumer Goods Sales Bot

QlikSenseBot by Juan Gerardo(jcz) @ Qlik> to ChatID 382410116
2017-12-11 00:51:05:	logError	BotOnReceiveError: Telegram.Bot.Args.ReceiveErrorEventArgs
2017-12-11 00:51:10:	logError	BotOnReceiveError: Telegram.Bot.Args.ReceiveErrorEventArgs
2017-12-11 00:51:12:	logInfo	Message Received from 382410116: Kpi
2017-12-11 00:51:12:	logError	General Error in BotOnMessageReceived: System.IndexOutOfRangeException: Index was outside the bounds of the array.
   at QlikTelegram.Bot.<ProcessConversationResponse>d__45.MoveNext() in C:\Users\baz\Documents\GitHub\QlikBotNet\Bot Development\QlikTelegram\Bot.cs:line 791
2017-12-11 00:51:12:	logInfo	Sent text message <I do not understand you, could you try again with other question?> to ChatID 382410116
2017-12-11 00:51:17:	logError	BotOnReceiveError: Telegram.Bot.Args.ReceiveErrorEventArgs
2017-12-11 00:51:22:	logError	BotOnReceiveError: Telegram.Bot.Args.ReceiveErrorEventArgs
2017-12-11 00:51:27:	logError	BotOnReceiveError: Telegram.Bot.Args.ReceiveErrorEventArgs
2017-12-11 00:51:31:	logInfo	Message Received from 382410116: Geo
2017-12-11 00:51:32:	logInfo	Sent text message <This is the list of Product Sub Group, up to 10 elements:
Nuts
Shellfish
Canned Fruit
Spices
Pasta
Yogurt
Coffee
Deli Meats
Ice Cream
TV Dinner> to ChatID 382410116
2017-12-11 00:51:36:	logError	BotOnReceiveError: Telegram.Bot.Args.ReceiveErrorEventArgs
2017-12-11 00:51:41:	logError	BotOnReceiveError: Telegram.Bot.Args.ReceiveErrorEventArgs
2017-12-11 00:51:46:	logError	BotOnReceiveError: Telegram.Bot.Args.ReceiveErrorEventArgs
2017-12-11 00:51:49:	logInfo	Message Received from 382410116: Reports
2017-12-11 00:51:50:	logInfo	Sent text message <Choose a report> to ChatID 382410116
2017-12-11 00:51:54:	logError	BotOnReceiveError: Telegram.Bot.Args.ReceiveErrorEventArgs
2017-12-11 00:51:58:	logInfo	Sent doc message <C:\JG Bots\Telegram Bot JGBot\Reports\Asset Management.pdf> with text <Todd, here you have your report Asset Management> to ChatID 382410116
2017-12-11 00:52:02:	logError	BotOnReceiveError: Telegram.Bot.Args.ReceiveErrorEventArgs
2017-12-11 00:52:07:	logError	BotOnReceiveError: Telegram.Bot.Args.ReceiveErrorEventArgs
2017-12-11 00:52:12:	logError	BotOnReceiveError: Telegram.Bot.Args.ReceiveErrorEventArgs
2017-12-11 00:52:17:	logError	BotOnReceiveError: Telegram.Bot.Args.ReceiveErrorEventArgs
2017-12-11 00:52:22:	logInfo	Message Received from 382410116: Dimensions
2017-12-11 00:52:22:	logInfo	Sent text message <Choose a dimension> to ChatID 382410116
2017-12-11 00:52:27:	logError	BotOnReceiveError: Telegram.Bot.Args.ReceiveErrorEventArgs
2017-12-11 00:52:33:	logError	BotOnReceiveError: Telegram.Bot.Args.ReceiveErrorEventArgs
2017-12-11 00:52:38:	logInfo	Message Received from 382410116: Measures
2017-12-11 00:52:38:	logError	General Error in BotOnMessageReceived: System.IndexOutOfRangeException: Index was outside the bounds of the array.
   at QlikTelegram.Bot.<ProcessConversationResponse>d__45.MoveNext() in C:\Users\baz\Documents\GitHub\QlikBotNet\Bot Development\QlikTelegram\Bot.cs:line 791
2017-12-11 00:52:39:	logInfo	Sent text message <I do not understand you, could you try again with other question?> to ChatID 382410116
2017-12-11 00:52:43:	logError	BotOnReceiveError: Telegram.Bot.Args.ReceiveErrorEventArgs
2017-12-11 00:52:48:	logError	BotOnReceiveError: Telegram.Bot.Args.ReceiveErrorEventArgs
2017-12-11 00:52:53:	logError	BotOnReceiveError: Telegram.Bot.Args.ReceiveErrorEventArgs
2017-12-11 00:52:58:	logError	BotOnReceiveError: Telegram.Bot.Args.ReceiveErrorEventArgs
2017-12-11 00:53:03:	logError	BotOnReceiveError: Telegram.Bot.Args.ReceiveErrorEventArgs
2017-12-11 00:53:08:	logError	BotOnReceiveError: Telegram.Bot.Args.ReceiveErrorEventArgs
2017-12-11 00:53:13:	logError	BotOnReceiveError: Telegram.Bot.Args.ReceiveErrorEventArgs
2017-12-11 00:53:18:	logError	BotOnReceiveError: Telegram.Bot.Args.ReceiveErrorEventArgs
2017-12-11 00:53:23:	logError	BotOnReceiveError: Telegram.Bot.Args.ReceiveErrorEventArgs
2017-12-11 00:53:28:	logError	BotOnReceiveError: Telegram.Bot.Args.ReceiveErrorEventArgs
2017-12-11 00:53:33:	logError	BotOnReceiveError: Telegram.Bot.Args.ReceiveErrorEventArgs
2017-12-11 00:53:38:	logError	BotOnReceiveError: Telegram.Bot.Args.ReceiveErrorEventArgs
2017-12-11 00:53:43:	logError	BotOnReceiveError: Telegram.Bot.Args.ReceiveErrorEventArgs
2017-12-11 00:53:48:	logError	BotOnReceiveError: Telegram.Bot.Args.ReceiveErrorEventArgs
2017-12-11 00:53:53:	logError	BotOnReceiveError: Telegram.Bot.Args.ReceiveErrorEventArgs
2017-12-11 00:53:58:	logError	BotOnReceiveError: Telegram.Bot.Args.ReceiveErrorEventArgs
2017-12-11 00:54:03:	logError	BotOnReceiveError: Telegram.Bot.Args.ReceiveErrorEventArgs
2017-12-11 00:54:08:	logError	BotOnReceiveError: Telegram.Bot.Args.ReceiveErrorEventArgs
2017-12-11 00:54:13:	logError	BotOnReceiveError: Telegram.Bot.Args.ReceiveErrorEventArgs
2017-12-11 00:54:18:	logError	BotOnReceiveError: Telegram.Bot.Args.ReceiveErrorEventArgs
2017-12-11 00:54:23:	logError	BotOnReceiveError: Telegram.Bot.Args.ReceiveErrorEventArgs
2017-12-11 00:54:28:	logError	BotOnReceiveError: Telegram.Bot.Args.ReceiveErrorEventArgs
2017-12-11 00:54:33:	logError	BotOnReceiveError: Telegram.Bot.Args.ReceiveErrorEventArgs
2017-12-11 00:54:38:	logError	BotOnReceiveError: Telegram.Bot.Args.ReceiveErrorEventArgs
2017-12-11 00:54:43:	logError	BotOnReceiveError: Telegram.Bot.Args.ReceiveErrorEventArgs
2017-12-11 00:54:48:	logError	BotOnReceiveError: Telegram.Bot.Args.ReceiveErrorEventArgs
2017-12-11 00:54:53:	logError	BotOnReceiveError: Telegram.Bot.Args.ReceiveErrorEventArgs
2017-12-11 00:54:58:	logInfo	Message Received from 382410116: Help
2017-12-11 00:54:59:	logInfo	Sent text message <Qlik Bot Net is an example chat bot which provides quick and easy access to Qlik content.
Usage:
   Inline mode, write: @QlikSenseBot [search data]

Or try asking for the information directly, I'll try to understand you. Some examples:
   Show my KPIs.
   I want to know avg sales.
   Could you show me revenue by product?
   Show my reports.
   Who are my best customers?


Qlik Sense App: Consumer Goods Sales Bot

QlikSenseBot by Juan Gerardo(jcz) @ Qlik> to ChatID 382410116
2017-12-11 00:55:04:	logError	BotOnReceiveError: Telegram.Bot.Args.ReceiveErrorEventArgs
2017-12-11 00:55:09:	logError	BotOnReceiveError: Telegram.Bot.Args.ReceiveErrorEventArgs
2017-12-11 00:55:14:	logError	BotOnReceiveError: Telegram.Bot.Args.ReceiveErrorEventArgs
2017-12-11 00:55:19:	logError	BotOnReceiveError: Telegram.Bot.Args.ReceiveErrorEventArgs
2017-12-11 00:55:24:	logError	BotOnReceiveError: Telegram.Bot.Args.ReceiveErrorEventArgs
2017-12-11 00:55:29:	logError	BotOnReceiveError: Telegram.Bot.Args.ReceiveErrorEventArgs
2017-12-11 00:55:34:	logError	BotOnReceiveError: Telegram.Bot.Args.ReceiveErrorEventArgs
2017-12-11 00:55:39:	logError	BotOnReceiveError: Telegram.Bot.Args.ReceiveErrorEventArgs
2017-12-11 00:55:44:	logError	BotOnReceiveError: Telegram.Bot.Args.ReceiveErrorEventArgs
2017-12-11 00:55:49:	logError	BotOnReceiveError: Telegram.Bot.Args.ReceiveErrorEventArgs
2017-12-11 00:55:54:	logError	BotOnReceiveError: Telegram.Bot.Args.ReceiveErrorEventArgs
2017-12-11 00:55:59:	logError	BotOnReceiveError: Telegram.Bot.Args.ReceiveErrorEventArgs
2017-12-11 00:56:04:	logError	BotOnReceiveError: Telegram.Bot.Args.ReceiveErrorEventArgs
2017-12-11 00:56:09:	logError	BotOnReceiveError: Telegram.Bot.Args.ReceiveErrorEventArgs
2017-12-11 00:56:14:	logError	BotOnReceiveError: Telegram.Bot.Args.ReceiveErrorEventArgs
2017-12-11 00:56:19:	logError	BotOnReceiveError: Telegram.Bot.Args.ReceiveErrorEventArgs
2017-12-11 00:56:22:	logInfo	Message Received from 382410116: KPI
2017-12-11 00:56:22:	logError	General Error in BotOnMessageReceived: System.IndexOutOfRangeException: Index was outside the bounds of the array.
   at QlikTelegram.Bot.<ProcessConversationResponse>d__45.MoveNext() in C:\Users\baz\Documents\GitHub\QlikBotNet\Bot Development\QlikTelegram\Bot.cs:line 791
2017-12-11 00:56:22:	logInfo	Sent text message <I do not understand you, could you try again with other question?> to ChatID 382410116
2017-12-11 00:56:27:	logError	BotOnReceiveError: Telegram.Bot.Args.ReceiveErrorEventArgs
2017-12-11 00:56:32:	logError	BotOnReceiveError: Telegram.Bot.Args.ReceiveErrorEventArgs
2017-12-11 00:56:37:	logError	BotOnReceiveError: Telegram.Bot.Args.ReceiveErrorEventArgs
2017-12-11 00:56:42:	logError	BotOnReceiveError: Telegram.Bot.Args.ReceiveErrorEventArgs
2017-12-11 00:56:47:	logError	BotOnReceiveError: Telegram.Bot.Args.ReceiveErrorEventArgs
2017-12-11 00:56:52:	logError	BotOnReceiveError: Telegram.Bot.Args.ReceiveErrorEventArgs
2017-12-11 00:56:57:	logError	BotOnReceiveError: Telegram.Bot.Args.ReceiveErrorEventArgs
2017-12-11 00:57:02:	logError	BotOnReceiveError: Telegram.Bot.Args.ReceiveErrorEventArgs
2017-12-11 00:57:07:	logError	BotOnReceiveError: Telegram.Bot.Args.ReceiveErrorEventArgs
