2017-12-07 01:55:34:	Starting Log...
2017-12-07 01:55:34:	logInfo	ID:485420868	First:Qlik Cool Bot	Last:	UserName:WZQlikCoolBot	<Timer for alerts started with 60 seconds>
2017-12-07 01:55:34:	Starting Log...
2017-12-07 01:55:34:	Started and Callback set for Bot 
2017-12-07 01:55:36:	logInfo	Message Received from 481378768: hey how are you
2017-12-07 01:55:36:	logInfo	ID:481378768	First:wuzhong	Last:zhu	UserName:	<Could not connect to the Qlik Sense server: https://sense-demo.qlik.com/site for user 481378768 (wuzhong zhu)>
2017-12-07 01:55:36:	logError	General Error in BotOnMessageReceived: System.NullReferenceException: Object reference not set to an instance of an object.
   at QlikTelegram.Bot.<BotOnMessageReceived>d__44.MoveNext() in C:\Users\baz\Documents\GitHub\QlikBotNet\Bot Development\QlikTelegram\Bot.cs:line 730
2017-12-07 01:55:36:	logError	ID:485420868	First:Qlik Cool Bot	Last:	UserName:WZQlikCoolBot	<Error opening the Qlik Sense app : Qlik.Sense.JsonRpc.CommunicationErrorException: Connection failed after 4 attempts. Error message:
  Could not load file or assembly 'Autofac, Version=4.6.2.0, Culture=neutral, PublicKeyToken=17863af14b0044da' or one of its dependencies. The system cannot find the file specified. ---> System.IO.FileNotFoundException: Could not load file or assembly 'Autofac, Version=4.6.2.0, Culture=neutral, PublicKeyToken=17863af14b0044da' or one of its dependencies. The system cannot find the file specified. ---> System.IO.FileNotFoundException: Could not load file or assembly 'Autofac, Version=3.5.0.0, Culture=neutral, PublicKeyToken=17863af14b0044da' or one of its dependencies. The system cannot find the file specified.
   --- End of inner exception stack trace ---
   at Qlik.Sense.JsonRpc.WebSocketFactory.<>c.<GetWebSocketFactory>b__3_0()
   at System.Threading.Tasks.Task`1.InnerInvoke()
   at System.Threading.Tasks.Task.Execute()
--- End of stack trace from previous location where exception was thrown ---
   at System.Runtime.CompilerServices.TaskAwaiter.ThrowForNonSuccess(Task task)
   at System.Runtime.CompilerServices.TaskAwaiter.HandleNonSuccessAndDebuggerNotification(Task task)
   at Qlik.Sense.JsonRpc.Location.GetDefaultSecurityConfiguration()
   at Qlik.Sense.JsonRpc.Location.get_Security()
   at Qlik.Sense.JsonRpc.Location.GetWebSocketSessionContainer(ISession session)
   at Qlik.Sense.JsonRpc.RpcConnection.<OpenAsync>d__43.MoveNext()
--- End of stack trace from previous location where exception was thrown ---
   at System.Runtime.CompilerServices.TaskAwaiter.ThrowForNonSuccess(Task task)
   at System.Runtime.CompilerServices.TaskAwaiter.HandleNonSuccessAndDebuggerNotification(Task task)
   at Qlik.Sense.JsonRpc.RpcConnection.<EnsureConnectionIsOpen>d__54.MoveNext()
--- End of stack trace from previous location where exception was thrown ---
   at System.Runtime.CompilerServices.TaskAwaiter.ThrowForNonSuccess(Task task)
   at System.Runtime.CompilerServices.TaskAwaiter.HandleNonSuccessAndDebuggerNotification(Task task)
   at Qlik.Sense.JsonRpc.RpcConnection.<SendAsync>d__52.MoveNext()
   --- End of inner exception stack trace ---
   at Qlik.Engine.Communication.QlikConnection.AwaitResponseTask[T](T task, String methodName, CancellationToken cancellationToken)
   at Qlik.Engine.Communication.QlikConnection.Ping(Nullable`1 noVersionCheck)
   at Qlik.Engine.LocationExtensions.Hub(ILocation location, ISession session, Nullable`1 noVersionCheck)
   at Qlik.Engine.LocationExtensions.GetAppIdentifiers(ILocation location, Nullable`1 noVersionCheck)
   at Qlik.Engine.LocationExtensions.AppWithIdOrDefault(ILocation location, String appId, Nullable`1 noVersionCheck)
   at QlikSenseEasy.QSApp.QSOpenApp() in C:\Users\baz\Documents\GitHub\QlikBotNet\Bot Development\QlikSenseEasy\QSEasy.cs:line 357
   at QlikTelegram.Bot..ctor() in C:\Users\baz\Documents\GitHub\QlikBotNet\Bot Development\QlikTelegram\Bot.cs:line 163>
2017-12-07 01:55:36:	logInfo	ID:485420868	First:Qlik Cool Bot	Last:	UserName:WZQlikCoolBot	<Created a conversation with Google Api.Ai.>
2017-12-07 01:55:41:	logError	BotOnReceiveError: Telegram.Bot.Args.ReceiveErrorEventArgs
2017-12-07 01:55:46:	logError	BotOnReceiveError: Telegram.Bot.Args.ReceiveErrorEventArgs
2017-12-07 01:55:51:	logError	BotOnReceiveError: Telegram.Bot.Args.ReceiveErrorEventArgs
2017-12-07 01:55:52:	logInfo	Message Received from 481378768: hi
2017-12-07 01:55:56:	logInfo	Sent text message <Hi wuzhong zhu, How are you doing?
Tell me how can I help you. (type help for options)> to ChatID 481378768
2017-12-07 01:56:00:	logError	BotOnReceiveError: Telegram.Bot.Args.ReceiveErrorEventArgs
2017-12-07 01:56:05:	logError	BotOnReceiveError: Telegram.Bot.Args.ReceiveErrorEventArgs
2017-12-07 01:56:10:	logError	BotOnReceiveError: Telegram.Bot.Args.ReceiveErrorEventArgs
2017-12-07 01:56:15:	logError	BotOnReceiveError: Telegram.Bot.Args.ReceiveErrorEventArgs
2017-12-07 01:56:20:	logError	BotOnReceiveError: Telegram.Bot.Args.ReceiveErrorEventArgs
2017-12-07 01:56:25:	logError	BotOnReceiveError: Telegram.Bot.Args.ReceiveErrorEventArgs
2017-12-07 01:56:30:	logError	BotOnReceiveError: Telegram.Bot.Args.ReceiveErrorEventArgs
2017-12-07 01:56:35:	logError	BotOnReceiveError: Telegram.Bot.Args.ReceiveErrorEventArgs
2017-12-07 01:56:40:	logError	BotOnReceiveError: Telegram.Bot.Args.ReceiveErrorEventArgs
2017-12-07 01:56:45:	logError	BotOnReceiveError: Telegram.Bot.Args.ReceiveErrorEventArgs
2017-12-07 01:56:50:	logError	BotOnReceiveError: Telegram.Bot.Args.ReceiveErrorEventArgs
2017-12-07 01:56:55:	logError	BotOnReceiveError: Telegram.Bot.Args.ReceiveErrorEventArgs
2017-12-07 01:57:00:	logError	BotOnReceiveError: Telegram.Bot.Args.ReceiveErrorEventArgs
2017-12-07 01:57:05:	logError	BotOnReceiveError: Telegram.Bot.Args.ReceiveErrorEventArgs
2017-12-07 01:57:10:	logError	BotOnReceiveError: Telegram.Bot.Args.ReceiveErrorEventArgs
2017-12-07 01:57:15:	logError	BotOnReceiveError: Telegram.Bot.Args.ReceiveErrorEventArgs
2017-12-07 01:57:20:	logError	BotOnReceiveError: Telegram.Bot.Args.ReceiveErrorEventArgs
2017-12-07 01:57:25:	logError	BotOnReceiveError: Telegram.Bot.Args.ReceiveErrorEventArgs
2017-12-07 01:57:30:	logError	BotOnReceiveError: Telegram.Bot.Args.ReceiveErrorEventArgs
2017-12-07 01:57:35:	logError	BotOnReceiveError: Telegram.Bot.Args.ReceiveErrorEventArgs
2017-12-07 01:57:40:	logError	BotOnReceiveError: Telegram.Bot.Args.ReceiveErrorEventArgs
2017-12-07 01:57:45:	logError	BotOnReceiveError: Telegram.Bot.Args.ReceiveErrorEventArgs
2017-12-07 01:57:50:	logError	BotOnReceiveError: Telegram.Bot.Args.ReceiveErrorEventArgs
2017-12-07 01:57:55:	logError	BotOnReceiveError: Telegram.Bot.Args.ReceiveErrorEventArgs
2017-12-07 01:58:00:	logError	BotOnReceiveError: Telegram.Bot.Args.ReceiveErrorEventArgs
2017-12-07 01:58:05:	logError	BotOnReceiveError: Telegram.Bot.Args.ReceiveErrorEventArgs
2017-12-07 01:58:10:	logError	BotOnReceiveError: Telegram.Bot.Args.ReceiveErrorEventArgs
2017-12-07 01:58:15:	logError	BotOnReceiveError: Telegram.Bot.Args.ReceiveErrorEventArgs
2017-12-07 01:58:20:	logError	BotOnReceiveError: Telegram.Bot.Args.ReceiveErrorEventArgs
2017-12-07 01:58:25:	logError	BotOnReceiveError: Telegram.Bot.Args.ReceiveErrorEventArgs
2017-12-07 01:58:30:	logError	BotOnReceiveError: Telegram.Bot.Args.ReceiveErrorEventArgs
2017-12-07 01:58:35:	logError	BotOnReceiveError: Telegram.Bot.Args.ReceiveErrorEventArgs
2017-12-07 01:58:40:	logError	BotOnReceiveError: Telegram.Bot.Args.ReceiveErrorEventArgs
2017-12-07 01:58:45:	logError	BotOnReceiveError: Telegram.Bot.Args.ReceiveErrorEventArgs
2017-12-07 01:58:50:	logError	BotOnReceiveError: Telegram.Bot.Args.ReceiveErrorEventArgs
2017-12-07 01:58:55:	logError	BotOnReceiveError: Telegram.Bot.Args.ReceiveErrorEventArgs
2017-12-07 01:59:00:	logError	BotOnReceiveError: Telegram.Bot.Args.ReceiveErrorEventArgs
2017-12-07 01:59:05:	logError	BotOnReceiveError: Telegram.Bot.Args.ReceiveErrorEventArgs
2017-12-07 01:59:10:	logError	BotOnReceiveError: Telegram.Bot.Args.ReceiveErrorEventArgs
2017-12-07 01:59:15:	logError	BotOnReceiveError: Telegram.Bot.Args.ReceiveErrorEventArgs
2017-12-07 01:59:20:	logError	BotOnReceiveError: Telegram.Bot.Args.ReceiveErrorEventArgs
2017-12-07 01:59:25:	logError	BotOnReceiveError: Telegram.Bot.Args.ReceiveErrorEventArgs
2017-12-07 01:59:30:	logError	BotOnReceiveError: Telegram.Bot.Args.ReceiveErrorEventArgs
2017-12-07 01:59:35:	logError	BotOnReceiveError: Telegram.Bot.Args.ReceiveErrorEventArgs
2017-12-07 01:59:40:	logError	BotOnReceiveError: Telegram.Bot.Args.ReceiveErrorEventArgs
2017-12-07 01:59:45:	logError	BotOnReceiveError: Telegram.Bot.Args.ReceiveErrorEventArgs
2017-12-07 01:59:50:	logError	BotOnReceiveError: Telegram.Bot.Args.ReceiveErrorEventArgs
2017-12-07 01:59:56:	logError	BotOnReceiveError: Telegram.Bot.Args.ReceiveErrorEventArgs
2017-12-07 02:00:01:	logError	BotOnReceiveError: Telegram.Bot.Args.ReceiveErrorEventArgs
2017-12-07 02:00:06:	logError	BotOnReceiveError: Telegram.Bot.Args.ReceiveErrorEventArgs
2017-12-07 02:00:11:	logError	BotOnReceiveError: Telegram.Bot.Args.ReceiveErrorEventArgs
2017-12-07 02:00:16:	logError	BotOnReceiveError: Telegram.Bot.Args.ReceiveErrorEventArgs
2017-12-07 02:00:21:	logError	BotOnReceiveError: Telegram.Bot.Args.ReceiveErrorEventArgs
2017-12-07 02:00:26:	logError	BotOnReceiveError: Telegram.Bot.Args.ReceiveErrorEventArgs
2017-12-07 02:00:31:	logError	BotOnReceiveError: Telegram.Bot.Args.ReceiveErrorEventArgs
2017-12-07 02:00:36:	logError	BotOnReceiveError: Telegram.Bot.Args.ReceiveErrorEventArgs
2017-12-07 02:00:41:	logError	BotOnReceiveError: Telegram.Bot.Args.ReceiveErrorEventArgs
2017-12-07 02:00:46:	logError	BotOnReceiveError: Telegram.Bot.Args.ReceiveErrorEventArgs
2017-12-07 02:00:51:	logError	BotOnReceiveError: Telegram.Bot.Args.ReceiveErrorEventArgs
2017-12-07 02:00:56:	logError	BotOnReceiveError: Telegram.Bot.Args.ReceiveErrorEventArgs
2017-12-07 02:01:01:	logError	BotOnReceiveError: Telegram.Bot.Args.ReceiveErrorEventArgs
2017-12-07 02:01:06:	logError	BotOnReceiveError: Telegram.Bot.Args.ReceiveErrorEventArgs
2017-12-07 02:01:11:	logError	BotOnReceiveError: Telegram.Bot.Args.ReceiveErrorEventArgs
2017-12-07 02:01:16:	logError	BotOnReceiveError: Telegram.Bot.Args.ReceiveErrorEventArgs
2017-12-07 02:01:21:	logError	BotOnReceiveError: Telegram.Bot.Args.ReceiveErrorEventArgs
2017-12-07 02:01:26:	logError	BotOnReceiveError: Telegram.Bot.Args.ReceiveErrorEventArgs
2017-12-07 02:01:31:	logError	BotOnReceiveError: Telegram.Bot.Args.ReceiveErrorEventArgs
2017-12-07 02:01:36:	logError	BotOnReceiveError: Telegram.Bot.Args.ReceiveErrorEventArgs
2017-12-07 02:01:41:	logError	BotOnReceiveError: Telegram.Bot.Args.ReceiveErrorEventArgs
2017-12-07 02:01:46:	logError	BotOnReceiveError: Telegram.Bot.Args.ReceiveErrorEventArgs
2017-12-07 02:01:51:	logError	BotOnReceiveError: Telegram.Bot.Args.ReceiveErrorEventArgs
2017-12-07 02:01:56:	logError	BotOnReceiveError: Telegram.Bot.Args.ReceiveErrorEventArgs
2017-12-07 02:02:01:	logError	BotOnReceiveError: Telegram.Bot.Args.ReceiveErrorEventArgs
2017-12-07 02:02:06:	logError	BotOnReceiveError: Telegram.Bot.Args.ReceiveErrorEventArgs
2017-12-07 02:02:11:	logError	BotOnReceiveError: Telegram.Bot.Args.ReceiveErrorEventArgs
2017-12-07 02:02:16:	logError	BotOnReceiveError: Telegram.Bot.Args.ReceiveErrorEventArgs
2017-12-07 02:02:21:	logError	BotOnReceiveError: Telegram.Bot.Args.ReceiveErrorEventArgs
2017-12-07 02:02:26:	logError	BotOnReceiveError: Telegram.Bot.Args.ReceiveErrorEventArgs
2017-12-07 02:02:31:	logError	BotOnReceiveError: Telegram.Bot.Args.ReceiveErrorEventArgs
2017-12-07 02:02:36:	logError	BotOnReceiveError: Telegram.Bot.Args.ReceiveErrorEventArgs
2017-12-07 02:02:41:	logError	BotOnReceiveError: Telegram.Bot.Args.ReceiveErrorEventArgs
2017-12-07 02:02:46:	logError	BotOnReceiveError: Telegram.Bot.Args.ReceiveErrorEventArgs
2017-12-07 02:02:51:	logError	BotOnReceiveError: Telegram.Bot.Args.ReceiveErrorEventArgs
2017-12-07 02:02:56:	logError	BotOnReceiveError: Telegram.Bot.Args.ReceiveErrorEventArgs
2017-12-07 02:03:01:	logError	BotOnReceiveError: Telegram.Bot.Args.ReceiveErrorEventArgs
2017-12-07 02:03:06:	logError	BotOnReceiveError: Telegram.Bot.Args.ReceiveErrorEventArgs
2017-12-07 02:03:11:	logError	BotOnReceiveError: Telegram.Bot.Args.ReceiveErrorEventArgs
2017-12-07 02:03:16:	logError	BotOnReceiveError: Telegram.Bot.Args.ReceiveErrorEventArgs
2017-12-07 02:03:22:	logError	BotOnReceiveError: Telegram.Bot.Args.ReceiveErrorEventArgs
2017-12-07 02:03:27:	logError	BotOnReceiveError: Telegram.Bot.Args.ReceiveErrorEventArgs
2017-12-07 02:03:32:	logError	BotOnReceiveError: Telegram.Bot.Args.ReceiveErrorEventArgs
2017-12-07 02:03:37:	logError	BotOnReceiveError: Telegram.Bot.Args.ReceiveErrorEventArgs
2017-12-07 02:03:42:	logError	BotOnReceiveError: Telegram.Bot.Args.ReceiveErrorEventArgs
2017-12-07 02:03:47:	logError	BotOnReceiveError: Telegram.Bot.Args.ReceiveErrorEventArgs
2017-12-07 02:03:52:	logError	BotOnReceiveError: Telegram.Bot.Args.ReceiveErrorEventArgs
2017-12-07 02:03:57:	logError	BotOnReceiveError: Telegram.Bot.Args.ReceiveErrorEventArgs
2017-12-07 02:04:02:	logError	BotOnReceiveError: Telegram.Bot.Args.ReceiveErrorEventArgs
2017-12-07 02:04:07:	logError	BotOnReceiveError: Telegram.Bot.Args.ReceiveErrorEventArgs
2017-12-07 02:04:12:	logError	BotOnReceiveError: Telegram.Bot.Args.ReceiveErrorEventArgs
2017-12-07 02:04:17:	logError	BotOnReceiveError: Telegram.Bot.Args.ReceiveErrorEventArgs
2017-12-07 02:04:22:	logError	BotOnReceiveError: Telegram.Bot.Args.ReceiveErrorEventArgs
2017-12-07 02:04:27:	logError	BotOnReceiveError: Telegram.Bot.Args.ReceiveErrorEventArgs
2017-12-07 02:04:32:	logError	BotOnReceiveError: Telegram.Bot.Args.ReceiveErrorEventArgs
